2019-07-29 18:08:43.139 DEBUG 31729 --- [main] o.s.w.c.s.StandardServletEnvironment     : Adding PropertySource 'servletConfigInitParams' with lowest search precedence
2019-07-29 18:08:43.141 DEBUG 31729 --- [main] o.s.w.c.s.StandardServletEnvironment     : Adding PropertySource 'servletContextInitParams' with lowest search precedence
2019-07-29 18:08:43.143 DEBUG 31729 --- [main] o.s.w.c.s.StandardServletEnvironment     : Adding PropertySource 'systemProperties' with lowest search precedence
2019-07-29 18:08:43.143 DEBUG 31729 --- [main] o.s.w.c.s.StandardServletEnvironment     : Adding PropertySource 'systemEnvironment' with lowest search precedence
2019-07-29 18:08:43.143 DEBUG 31729 --- [main] o.s.w.c.s.StandardServletEnvironment     : Initialized StandardServletEnvironment with PropertySources [StubPropertySource {name='servletConfigInitParams'}, StubPropertySource {name='servletContextInitParams'}, MapPropertySource {name='systemProperties'}, SystemEnvironmentPropertySource {name='systemEnvironment'}]
2019-07-29 18:08:43.217  INFO 31729 --- [main] c.s.SpringSecurityClientApplicationTests : Starting SpringSecurityClientApplicationTests on pengsheng with PID 31729 (started by pengsheng in /home/pengsheng/Documents/Spring-Security/SpringSecurity/SpringBoot+Springsecurity+Angular5/Spring-security-client)
2019-07-29 18:08:43.218  INFO 31729 --- [main] c.s.SpringSecurityClientApplicationTests : The following profiles are active: dev
2019-07-29 18:08:43.267  INFO 31729 --- [main] o.s.w.c.s.GenericWebApplicationContext   : Refreshing org.springframework.web.context.support.GenericWebApplicationContext@3b8f0a79: startup date [Mon Jul 29 18:08:43 CST 2019]; root of context hierarchy
2019-07-29 18:08:43.269 DEBUG 31729 --- [main] o.s.w.c.s.GenericWebApplicationContext   : Bean factory for org.springframework.web.context.support.GenericWebApplicationContext@3b8f0a79: org.springframework.beans.factory.support.DefaultListableBeanFactory@5443d039: defining beans [org.springframework.boot.test.mock.mockito.MockitoPostProcessor$SpyPostProcessor,org.springframework.boot.test.mock.mockito.MockitoPostProcessor,org.springframework.context.annotation.internalConfigurationAnnotationProcessor,org.springframework.context.annotation.internalAutowiredAnnotationProcessor,org.springframework.context.annotation.internalRequiredAnnotationProcessor,org.springframework.context.annotation.internalCommonAnnotationProcessor,org.springframework.context.annotation.internalPersistenceAnnotationProcessor,org.springframework.context.event.internalEventListenerProcessor,org.springframework.context.event.internalEventListenerFactory,springSecurityClientApplication]; root of factory hierarchy
2019-07-29 18:08:44.771  INFO 31729 --- [main] f.a.AutowiredAnnotationBeanPostProcessor : JSR-330 'javax.inject.Inject' annotation found and supported for autowiring
2019-07-29 18:08:44.873  INFO 31729 --- [main] trationDelegate$BeanPostProcessorChecker : Bean 'org.springframework.transaction.annotation.ProxyTransactionManagementConfiguration' of type [org.springframework.transaction.annotation.ProxyTransactionManagementConfiguration$$EnhancerBySpringCGLIB$$b2840b5] is not eligible for getting processed by all BeanPostProcessors (for example: not eligible for auto-proxying)
2019-07-29 18:08:44.920 DEBUG 31729 --- [main] o.s.w.c.s.GenericWebApplicationContext   : Unable to locate MessageSource with name 'messageSource': using default [org.springframework.context.support.DelegatingMessageSource@f679798]
2019-07-29 18:08:44.920 DEBUG 31729 --- [main] o.s.w.c.s.GenericWebApplicationContext   : Unable to locate ApplicationEventMulticaster with name 'applicationEventMulticaster': using default [org.springframework.context.event.SimpleApplicationEventMulticaster@1a6cf771]
2019-07-29 18:08:45.391  INFO 31729 --- [main] com.zaxxer.hikari.HikariDataSource       : HikariPool-1 - Starting...
2019-07-29 18:08:45.622  INFO 31729 --- [main] com.zaxxer.hikari.HikariDataSource       : HikariPool-1 - Start completed.
2019-07-29 18:08:45.652  INFO 31729 --- [main] j.LocalContainerEntityManagerFactoryBean : Building JPA container EntityManagerFactory for persistence unit 'default'
2019-07-29 18:08:45.665  INFO 31729 --- [main] o.hibernate.jpa.internal.util.LogHelper  : HHH000204: Processing PersistenceUnitInfo [
	name: default
	...]
2019-07-29 18:08:45.720  INFO 31729 --- [main] org.hibernate.Version                    : HHH000412: Hibernate Core {5.2.17.Final}
2019-07-29 18:08:45.721  INFO 31729 --- [main] org.hibernate.cfg.Environment            : HHH000206: hibernate.properties not found
2019-07-29 18:08:45.763  INFO 31729 --- [main] o.hibernate.annotations.common.Version   : HCANN000001: Hibernate Commons Annotations {5.0.1.Final}
2019-07-29 18:08:45.866  INFO 31729 --- [main] org.hibernate.dialect.Dialect            : HHH000400: Using dialect: org.hibernate.dialect.MySQL5InnoDBDialect
2019-07-29 18:08:45.901  INFO 31729 --- [main] o.h.e.j.e.i.LobCreatorBuilderImpl        : HHH000421: Disabling contextual LOB creation as hibernate.jdbc.lob.non_contextual_creation is true
2019-07-29 18:08:46.832  INFO 31729 --- [main] j.LocalContainerEntityManagerFactoryBean : Initialized JPA EntityManagerFactory for persistence unit 'default'
2019-07-29 18:08:47.410 DEBUG 31729 --- [main] s.w.s.m.m.a.RequestMappingHandlerMapping : Looking for request mappings in application context: org.springframework.web.context.support.GenericWebApplicationContext@3b8f0a79: startup date [Mon Jul 29 18:08:43 CST 2019]; root of context hierarchy
2019-07-29 18:08:47.421 DEBUG 31729 --- [main] s.w.s.m.m.a.RequestMappingHandlerMapping : 5 request handler methods found on class com.spring.controller.BizUserController: {public void com.spring.controller.BizUserController.changePassword(java.lang.String,java.lang.String,java.lang.String) throws java.security.NoSuchAlgorithmException={[/user/changepassword],methods=[POST],produces=[application/json]}, public java.util.List com.spring.controller.BizUserController.findUserByName(org.springframework.security.core.Authentication)={[/user/finduser],methods=[POST],produces=[application/json]}, public void com.spring.controller.BizUserController.createBizUser(com.spring.model.BizUser) throws java.security.NoSuchAlgorithmException={[/user/createuser],methods=[POST],produces=[application/json]}, public void com.spring.controller.BizUserController.updateBizUser(com.spring.model.BizUser) throws java.security.NoSuchAlgorithmException={[/user/updateuser],methods=[POST],produces=[application/json]}, public void com.spring.controller.BizUserController.deleteBizUser(java.lang.Long) throws java.security.NoSuchAlgorithmException={[/user/deleteuser],methods=[POST],produces=[application/json]}}
2019-07-29 18:08:47.424  INFO 31729 --- [main] s.w.s.m.m.a.RequestMappingHandlerMapping : Mapped "{[/user/changepassword],methods=[POST],produces=[application/json]}" onto public void com.spring.controller.BizUserController.changePassword(java.lang.String,java.lang.String,java.lang.String) throws java.security.NoSuchAlgorithmException
2019-07-29 18:08:47.425  INFO 31729 --- [main] s.w.s.m.m.a.RequestMappingHandlerMapping : Mapped "{[/user/finduser],methods=[POST],produces=[application/json]}" onto public java.util.List<com.spring.model.BizUser> com.spring.controller.BizUserController.findUserByName(org.springframework.security.core.Authentication)
2019-07-29 18:08:47.425  INFO 31729 --- [main] s.w.s.m.m.a.RequestMappingHandlerMapping : Mapped "{[/user/createuser],methods=[POST],produces=[application/json]}" onto public void com.spring.controller.BizUserController.createBizUser(com.spring.model.BizUser) throws java.security.NoSuchAlgorithmException
2019-07-29 18:08:47.426  INFO 31729 --- [main] s.w.s.m.m.a.RequestMappingHandlerMapping : Mapped "{[/user/updateuser],methods=[POST],produces=[application/json]}" onto public void com.spring.controller.BizUserController.updateBizUser(com.spring.model.BizUser) throws java.security.NoSuchAlgorithmException
2019-07-29 18:08:47.426  INFO 31729 --- [main] s.w.s.m.m.a.RequestMappingHandlerMapping : Mapped "{[/user/deleteuser],methods=[POST],produces=[application/json]}" onto public void com.spring.controller.BizUserController.deleteBizUser(java.lang.Long) throws java.security.NoSuchAlgorithmException
2019-07-29 18:08:47.426 DEBUG 31729 --- [main] s.w.s.m.m.a.RequestMappingHandlerMapping : 3 request handler methods found on class com.spring.controller.loginController: {public com.spring.vo.JsonResult com.spring.controller.loginController.user()={[/user/test]}, public com.spring.vo.JsonResult com.spring.controller.loginController.admin()={[/admin]}, public java.lang.String com.spring.controller.loginController.index()={[/]}}
2019-07-29 18:08:47.426  INFO 31729 --- [main] s.w.s.m.m.a.RequestMappingHandlerMapping : Mapped "{[/user/test]}" onto public com.spring.vo.JsonResult com.spring.controller.loginController.user()
2019-07-29 18:08:47.427  INFO 31729 --- [main] s.w.s.m.m.a.RequestMappingHandlerMapping : Mapped "{[/admin]}" onto public com.spring.vo.JsonResult com.spring.controller.loginController.admin()
2019-07-29 18:08:47.427  INFO 31729 --- [main] s.w.s.m.m.a.RequestMappingHandlerMapping : Mapped "{[/]}" onto public java.lang.String com.spring.controller.loginController.index()
2019-07-29 18:08:47.434 DEBUG 31729 --- [main] s.w.s.m.m.a.RequestMappingHandlerMapping : 2 request handler methods found on class org.springframework.boot.autoconfigure.web.servlet.error.BasicErrorController: {public org.springframework.web.servlet.ModelAndView org.springframework.boot.autoconfigure.web.servlet.error.BasicErrorController.errorHtml(javax.servlet.http.HttpServletRequest,javax.servlet.http.HttpServletResponse)={[/error],produces=[text/html]}, public org.springframework.http.ResponseEntity org.springframework.boot.autoconfigure.web.servlet.error.BasicErrorController.error(javax.servlet.http.HttpServletRequest)={[/error]}}
2019-07-29 18:08:47.434  INFO 31729 --- [main] s.w.s.m.m.a.RequestMappingHandlerMapping : Mapped "{[/error],produces=[text/html]}" onto public org.springframework.web.servlet.ModelAndView org.springframework.boot.autoconfigure.web.servlet.error.BasicErrorController.errorHtml(javax.servlet.http.HttpServletRequest,javax.servlet.http.HttpServletResponse)
2019-07-29 18:08:47.434  INFO 31729 --- [main] s.w.s.m.m.a.RequestMappingHandlerMapping : Mapped "{[/error]}" onto public org.springframework.http.ResponseEntity<java.util.Map<java.lang.String, java.lang.Object>> org.springframework.boot.autoconfigure.web.servlet.error.BasicErrorController.error(javax.servlet.http.HttpServletRequest)
2019-07-29 18:08:47.457 DEBUG 31729 --- [main] o.s.w.s.h.BeanNameUrlHandlerMapping      : Looking for URL mappings in application context: org.springframework.web.context.support.GenericWebApplicationContext@3b8f0a79: startup date [Mon Jul 29 18:08:43 CST 2019]; root of context hierarchy
2019-07-29 18:08:47.458 DEBUG 31729 --- [main] o.s.w.s.h.BeanNameUrlHandlerMapping      : Rejected bean name 'org.springframework.boot.test.mock.mockito.MockitoPostProcessor$SpyPostProcessor': no URL paths identified
2019-07-29 18:08:47.458 DEBUG 31729 --- [main] o.s.w.s.h.BeanNameUrlHandlerMapping      : Rejected bean name 'org.springframework.boot.test.mock.mockito.MockitoPostProcessor': no URL paths identified
2019-07-29 18:08:47.458 DEBUG 31729 --- [main] o.s.w.s.h.BeanNameUrlHandlerMapping      : Rejected bean name 'org.springframework.context.annotation.internalConfigurationAnnotationProcessor': no URL paths identified
2019-07-29 18:08:47.458 DEBUG 31729 --- [main] o.s.w.s.h.BeanNameUrlHandlerMapping      : Rejected bean name 'org.springframework.context.annotation.internalAutowiredAnnotationProcessor': no URL paths identified
2019-07-29 18:08:47.458 DEBUG 31729 --- [main] o.s.w.s.h.BeanNameUrlHandlerMapping      : Rejected bean name 'org.springframework.context.annotation.internalRequiredAnnotationProcessor': no URL paths identified
2019-07-29 18:08:47.458 DEBUG 31729 --- [main] o.s.w.s.h.BeanNameUrlHandlerMapping      : Rejected bean name 'org.springframework.context.annotation.internalCommonAnnotationProcessor': no URL paths identified
2019-07-29 18:08:47.458 DEBUG 31729 --- [main] o.s.w.s.h.BeanNameUrlHandlerMapping      : Rejected bean name 'org.springframework.context.annotation.internalPersistenceAnnotationProcessor': no URL paths identified
2019-07-29 18:08:47.461 DEBUG 31729 --- [main] o.s.w.s.h.BeanNameUrlHandlerMapping      : Rejected bean name 'org.springframework.context.event.internalEventListenerProcessor': no URL paths identified
2019-07-29 18:08:47.462 DEBUG 31729 --- [main] o.s.w.s.h.BeanNameUrlHandlerMapping      : Rejected bean name 'org.springframework.context.event.internalEventListenerFactory': no URL paths identified
2019-07-29 18:08:47.462 DEBUG 31729 --- [main] o.s.w.s.h.BeanNameUrlHandlerMapping      : Rejected bean name 'springSecurityClientApplication': no URL paths identified
2019-07-29 18:08:47.462 DEBUG 31729 --- [main] o.s.w.s.h.BeanNameUrlHandlerMapping      : Rejected bean name 'org.springframework.boot.autoconfigure.internalCachingMetadataReaderFactory': no URL paths identified
2019-07-29 18:08:47.462 DEBUG 31729 --- [main] o.s.w.s.h.BeanNameUrlHandlerMapping      : Rejected bean name 'config': no URL paths identified
2019-07-29 18:08:47.462 DEBUG 31729 --- [main] o.s.w.s.h.BeanNameUrlHandlerMapping      : Rejected bean name 'corsConfig': no URL paths identified
2019-07-29 18:08:47.463 DEBUG 31729 --- [main] o.s.w.s.h.BeanNameUrlHandlerMapping      : Rejected bean name 'securityConfig': no URL paths identified
2019-07-29 18:08:47.463 DEBUG 31729 --- [main] o.s.w.s.h.BeanNameUrlHandlerMapping      : Rejected bean name 'bizUserController': no URL paths identified
2019-07-29 18:08:47.463 DEBUG 31729 --- [main] o.s.w.s.h.BeanNameUrlHandlerMapping      : Rejected bean name 'loginController': no URL paths identified
2019-07-29 18:08:47.463 DEBUG 31729 --- [main] o.s.w.s.h.BeanNameUrlHandlerMapping      : Rejected bean name 'userDetailServiceImpl': no URL paths identified
2019-07-29 18:08:47.463 DEBUG 31729 --- [main] o.s.w.s.h.BeanNameUrlHandlerMapping      : Rejected bean name 'corsFilter': no URL paths identified
2019-07-29 18:08:47.463 DEBUG 31729 --- [main] o.s.w.s.h.BeanNameUrlHandlerMapping      : Rejected bean name 'requestMappingHandlerMapping': no URL paths identified
2019-07-29 18:08:47.463 DEBUG 31729 --- [main] o.s.w.s.h.BeanNameUrlHandlerMapping      : Rejected bean name 'mvcPathMatcher': no URL paths identified
2019-07-29 18:08:47.463 DEBUG 31729 --- [main] o.s.w.s.h.BeanNameUrlHandlerMapping      : Rejected bean name 'mvcUrlPathHelper': no URL paths identified
2019-07-29 18:08:47.463 DEBUG 31729 --- [main] o.s.w.s.h.BeanNameUrlHandlerMapping      : Rejected bean name 'mvcContentNegotiationManager': no URL paths identified
2019-07-29 18:08:47.463 DEBUG 31729 --- [main] o.s.w.s.h.BeanNameUrlHandlerMapping      : Rejected bean name 'viewControllerHandlerMapping': no URL paths identified
2019-07-29 18:08:47.463 DEBUG 31729 --- [main] o.s.w.s.h.BeanNameUrlHandlerMapping      : Rejected bean name 'beanNameHandlerMapping': no URL paths identified
2019-07-29 18:08:47.463 DEBUG 31729 --- [main] o.s.w.s.h.BeanNameUrlHandlerMapping      : Rejected bean name 'resourceHandlerMapping': no URL paths identified
2019-07-29 18:08:47.463 DEBUG 31729 --- [main] o.s.w.s.h.BeanNameUrlHandlerMapping      : Rejected bean name 'mvcResourceUrlProvider': no URL paths identified
2019-07-29 18:08:47.463 DEBUG 31729 --- [main] o.s.w.s.h.BeanNameUrlHandlerMapping      : Rejected bean name 'defaultServletHandlerMapping': no URL paths identified
2019-07-29 18:08:47.463 DEBUG 31729 --- [main] o.s.w.s.h.BeanNameUrlHandlerMapping      : Rejected bean name 'requestMappingHandlerAdapter': no URL paths identified
2019-07-29 18:08:47.464 DEBUG 31729 --- [main] o.s.w.s.h.BeanNameUrlHandlerMapping      : Rejected bean name 'mvcConversionService': no URL paths identified
2019-07-29 18:08:47.464 DEBUG 31729 --- [main] o.s.w.s.h.BeanNameUrlHandlerMapping      : Rejected bean name 'mvcValidator': no URL paths identified
2019-07-29 18:08:47.464 DEBUG 31729 --- [main] o.s.w.s.h.BeanNameUrlHandlerMapping      : Rejected bean name 'mvcUriComponentsContributor': no URL paths identified
2019-07-29 18:08:47.464 DEBUG 31729 --- [main] o.s.w.s.h.BeanNameUrlHandlerMapping      : Rejected bean name 'httpRequestHandlerAdapter': no URL paths identified
2019-07-29 18:08:47.464 DEBUG 31729 --- [main] o.s.w.s.h.BeanNameUrlHandlerMapping      : Rejected bean name 'simpleControllerHandlerAdapter': no URL paths identified
2019-07-29 18:08:47.464 DEBUG 31729 --- [main] o.s.w.s.h.BeanNameUrlHandlerMapping      : Rejected bean name 'handlerExceptionResolver': no URL paths identified
2019-07-29 18:08:47.464 DEBUG 31729 --- [main] o.s.w.s.h.BeanNameUrlHandlerMapping      : Rejected bean name 'mvcViewResolver': no URL paths identified
2019-07-29 18:08:47.464 DEBUG 31729 --- [main] o.s.w.s.h.BeanNameUrlHandlerMapping      : Rejected bean name 'mvcHandlerMappingIntrospector': no URL paths identified
2019-07-29 18:08:47.464 DEBUG 31729 --- [main] o.s.w.s.h.BeanNameUrlHandlerMapping      : Rejected bean name 'org.springframework.security.config.annotation.configuration.ObjectPostProcessorConfiguration': no URL paths identified
2019-07-29 18:08:47.464 DEBUG 31729 --- [main] o.s.w.s.h.BeanNameUrlHandlerMapping      : Rejected bean name 'objectPostProcessor': no URL paths identified
2019-07-29 18:08:47.465 DEBUG 31729 --- [main] o.s.w.s.h.BeanNameUrlHandlerMapping      : Rejected bean name 'org.springframework.security.config.annotation.authentication.configuration.AuthenticationConfiguration': no URL paths identified
2019-07-29 18:08:47.466 DEBUG 31729 --- [main] o.s.w.s.h.BeanNameUrlHandlerMapping      : Rejected bean name 'authenticationManagerBuilder': no URL paths identified
2019-07-29 18:08:47.467 DEBUG 31729 --- [main] o.s.w.s.h.BeanNameUrlHandlerMapping      : Rejected bean name 'enableGlobalAuthenticationAutowiredConfigurer': no URL paths identified
2019-07-29 18:08:47.467 DEBUG 31729 --- [main] o.s.w.s.h.BeanNameUrlHandlerMapping      : Rejected bean name 'initializeUserDetailsBeanManagerConfigurer': no URL paths identified
2019-07-29 18:08:47.467 DEBUG 31729 --- [main] o.s.w.s.h.BeanNameUrlHandlerMapping      : Rejected bean name 'initializeAuthenticationProviderBeanManagerConfigurer': no URL paths identified
2019-07-29 18:08:47.467 DEBUG 31729 --- [main] o.s.w.s.h.BeanNameUrlHandlerMapping      : Rejected bean name 'org.springframework.security.config.annotation.web.configuration.WebSecurityConfiguration': no URL paths identified
2019-07-29 18:08:47.467 DEBUG 31729 --- [main] o.s.w.s.h.BeanNameUrlHandlerMapping      : Rejected bean name 'delegatingApplicationListener': no URL paths identified
2019-07-29 18:08:47.467 DEBUG 31729 --- [main] o.s.w.s.h.BeanNameUrlHandlerMapping      : Rejected bean name 'webSecurityExpressionHandler': no URL paths identified
2019-07-29 18:08:47.467 DEBUG 31729 --- [main] o.s.w.s.h.BeanNameUrlHandlerMapping      : Rejected bean name 'springSecurityFilterChain': no URL paths identified
2019-07-29 18:08:47.467 DEBUG 31729 --- [main] o.s.w.s.h.BeanNameUrlHandlerMapping      : Rejected bean name 'privilegeEvaluator': no URL paths identified
2019-07-29 18:08:47.467 DEBUG 31729 --- [main] o.s.w.s.h.BeanNameUrlHandlerMapping      : Rejected bean name 'autowiredWebSecurityConfigurersIgnoreParents': no URL paths identified
2019-07-29 18:08:47.467 DEBUG 31729 --- [main] o.s.w.s.h.BeanNameUrlHandlerMapping      : Rejected bean name 'org.springframework.security.config.annotation.web.configuration.WebMvcSecurityConfiguration': no URL paths identified
2019-07-29 18:08:47.467 DEBUG 31729 --- [main] o.s.w.s.h.BeanNameUrlHandlerMapping      : Rejected bean name 'requestDataValueProcessor': no URL paths identified
2019-07-29 18:08:47.467 DEBUG 31729 --- [main] o.s.w.s.h.BeanNameUrlHandlerMapping      : Rejected bean name 'passwordEncoder': no URL paths identified
2019-07-29 18:08:47.467 DEBUG 31729 --- [main] o.s.w.s.h.BeanNameUrlHandlerMapping      : Rejected bean name 'objectMapper': no URL paths identified
2019-07-29 18:08:47.467 DEBUG 31729 --- [main] o.s.w.s.h.BeanNameUrlHandlerMapping      : Rejected bean name 'org.springframework.boot.autoconfigure.AutoConfigurationPackages': no URL paths identified
2019-07-29 18:08:47.468 DEBUG 31729 --- [main] o.s.w.s.h.BeanNameUrlHandlerMapping      : Rejected bean name 'org.springframework.data.jpa.repository.config.JpaRepositoryConfigExtension#0': no URL paths identified
2019-07-29 18:08:47.468 DEBUG 31729 --- [main] o.s.w.s.h.BeanNameUrlHandlerMapping      : Rejected bean name 'emBeanDefinitionRegistrarPostProcessor': no URL paths identified
2019-07-29 18:08:47.468 DEBUG 31729 --- [main] o.s.w.s.h.BeanNameUrlHandlerMapping      : Rejected bean name 'jpaMappingContext': no URL paths identified
2019-07-29 18:08:47.468 DEBUG 31729 --- [main] o.s.w.s.h.BeanNameUrlHandlerMapping      : Rejected bean name 'jpaContext': no URL paths identified
2019-07-29 18:08:47.468 DEBUG 31729 --- [main] o.s.w.s.h.BeanNameUrlHandlerMapping      : Rejected bean name 'org.springframework.data.jpa.util.JpaMetamodelCacheCleanup': no URL paths identified
2019-07-29 18:08:47.468 DEBUG 31729 --- [main] o.s.w.s.h.BeanNameUrlHandlerMapping      : Rejected bean name 'bizRoleRepository': no URL paths identified
2019-07-29 18:08:47.468 DEBUG 31729 --- [main] o.s.w.s.h.BeanNameUrlHandlerMapping      : Rejected bean name 'bizUserRepository': no URL paths identified
2019-07-29 18:08:47.468 DEBUG 31729 --- [main] o.s.w.s.h.BeanNameUrlHandlerMapping      : Rejected bean name 'org.springframework.boot.autoconfigure.domain.EntityScanPackages': no URL paths identified
2019-07-29 18:08:47.468 DEBUG 31729 --- [main] o.s.w.s.h.BeanNameUrlHandlerMapping      : Rejected bean name 'org.springframework.context.config.internalBeanConfigurerAspect': no URL paths identified
2019-07-29 18:08:47.468 DEBUG 31729 --- [main] o.s.w.s.h.BeanNameUrlHandlerMapping      : Rejected bean name 'jpaAuditingHandler': no URL paths identified
2019-07-29 18:08:47.468 DEBUG 31729 --- [main] o.s.w.s.h.BeanNameUrlHandlerMapping      : Rejected bean name 'org.springframework.data.jpa.domain.support.AuditingEntityListener': no URL paths identified
2019-07-29 18:08:47.468 DEBUG 31729 --- [main] o.s.w.s.h.BeanNameUrlHandlerMapping      : Rejected bean name 'org.springframework.data.jpa.domain.support.AuditingBeanFactoryPostProcessor': no URL paths identified
2019-07-29 18:08:47.468 DEBUG 31729 --- [main] o.s.w.s.h.BeanNameUrlHandlerMapping      : Rejected bean name 'org.springframework.boot.autoconfigure.context.PropertyPlaceholderAutoConfiguration': no URL paths identified
2019-07-29 18:08:47.468 DEBUG 31729 --- [main] o.s.w.s.h.BeanNameUrlHandlerMapping      : Rejected bean name 'org.springframework.boot.autoconfigure.condition.BeanTypeRegistry': no URL paths identified
2019-07-29 18:08:47.468 DEBUG 31729 --- [main] o.s.w.s.h.BeanNameUrlHandlerMapping      : Rejected bean name 'propertySourcesPlaceholderConfigurer': no URL paths identified
2019-07-29 18:08:47.468 DEBUG 31729 --- [main] o.s.w.s.h.BeanNameUrlHandlerMapping      : Rejected bean name 'org.springframework.boot.autoconfigure.websocket.servlet.WebSocketServletAutoConfiguration$TomcatWebSocketConfiguration': no URL paths identified
2019-07-29 18:08:47.468 DEBUG 31729 --- [main] o.s.w.s.h.BeanNameUrlHandlerMapping      : Rejected bean name 'websocketServletWebServerCustomizer': no URL paths identified
2019-07-29 18:08:47.469 DEBUG 31729 --- [main] o.s.w.s.h.BeanNameUrlHandlerMapping      : Rejected bean name 'org.springframework.boot.autoconfigure.websocket.servlet.WebSocketServletAutoConfiguration': no URL paths identified
2019-07-29 18:08:47.469 DEBUG 31729 --- [main] o.s.w.s.h.BeanNameUrlHandlerMapping      : Rejected bean name 'org.springframework.boot.autoconfigure.web.servlet.ServletWebServerFactoryConfiguration$EmbeddedTomcat': no URL paths identified
2019-07-29 18:08:47.469 DEBUG 31729 --- [main] o.s.w.s.h.BeanNameUrlHandlerMapping      : Rejected bean name 'tomcatServletWebServerFactory': no URL paths identified
2019-07-29 18:08:47.469 DEBUG 31729 --- [main] o.s.w.s.h.BeanNameUrlHandlerMapping      : Rejected bean name 'org.springframework.boot.autoconfigure.web.servlet.ServletWebServerFactoryAutoConfiguration': no URL paths identified
2019-07-29 18:08:47.469 DEBUG 31729 --- [main] o.s.w.s.h.BeanNameUrlHandlerMapping      : Rejected bean name 'servletWebServerFactoryCustomizer': no URL paths identified
2019-07-29 18:08:47.469 DEBUG 31729 --- [main] o.s.w.s.h.BeanNameUrlHandlerMapping      : Rejected bean name 'tomcatServletWebServerFactoryCustomizer': no URL paths identified
2019-07-29 18:08:47.469 DEBUG 31729 --- [main] o.s.w.s.h.BeanNameUrlHandlerMapping      : Rejected bean name 'server-org.springframework.boot.autoconfigure.web.ServerProperties': no URL paths identified
2019-07-29 18:08:47.469 DEBUG 31729 --- [main] o.s.w.s.h.BeanNameUrlHandlerMapping      : Rejected bean name 'org.springframework.boot.context.properties.ConfigurationPropertiesBindingPostProcessor': no URL paths identified
2019-07-29 18:08:47.470 DEBUG 31729 --- [main] o.s.w.s.h.BeanNameUrlHandlerMapping      : Rejected bean name 'org.springframework.boot.context.properties.ConfigurationBeanFactoryMetadata': no URL paths identified
2019-07-29 18:08:47.470 DEBUG 31729 --- [main] o.s.w.s.h.BeanNameUrlHandlerMapping      : Rejected bean name 'webServerFactoryCustomizerBeanPostProcessor': no URL paths identified
2019-07-29 18:08:47.470 DEBUG 31729 --- [main] o.s.w.s.h.BeanNameUrlHandlerMapping      : Rejected bean name 'errorPageRegistrarBeanPostProcessor': no URL paths identified
2019-07-29 18:08:47.470 DEBUG 31729 --- [main] o.s.w.s.h.BeanNameUrlHandlerMapping      : Rejected bean name 'org.springframework.boot.autoconfigure.web.servlet.DispatcherServletAutoConfiguration$DispatcherServletConfiguration': no URL paths identified
2019-07-29 18:08:47.470 DEBUG 31729 --- [main] o.s.w.s.h.BeanNameUrlHandlerMapping      : Rejected bean name 'dispatcherServlet': no URL paths identified
2019-07-29 18:08:47.470 DEBUG 31729 --- [main] o.s.w.s.h.BeanNameUrlHandlerMapping      : Rejected bean name 'spring.mvc-org.springframework.boot.autoconfigure.web.servlet.WebMvcProperties': no URL paths identified
2019-07-29 18:08:47.470 DEBUG 31729 --- [main] o.s.w.s.h.BeanNameUrlHandlerMapping      : Rejected bean name 'org.springframework.boot.autoconfigure.web.servlet.DispatcherServletAutoConfiguration$DispatcherServletRegistrationConfiguration': no URL paths identified
2019-07-29 18:08:47.470 DEBUG 31729 --- [main] o.s.w.s.h.BeanNameUrlHandlerMapping      : Rejected bean name 'dispatcherServletRegistration': no URL paths identified
2019-07-29 18:08:47.470 DEBUG 31729 --- [main] o.s.w.s.h.BeanNameUrlHandlerMapping      : Rejected bean name 'org.springframework.boot.autoconfigure.web.servlet.DispatcherServletAutoConfiguration': no URL paths identified
2019-07-29 18:08:47.470 DEBUG 31729 --- [main] o.s.w.s.h.BeanNameUrlHandlerMapping      : Rejected bean name 'org.springframework.boot.autoconfigure.validation.ValidationAutoConfiguration': no URL paths identified
2019-07-29 18:08:47.470 DEBUG 31729 --- [main] o.s.w.s.h.BeanNameUrlHandlerMapping      : Rejected bean name 'defaultValidator': no URL paths identified
2019-07-29 18:08:47.470 DEBUG 31729 --- [main] o.s.w.s.h.BeanNameUrlHandlerMapping      : Rejected bean name 'methodValidationPostProcessor': no URL paths identified
2019-07-29 18:08:47.470 DEBUG 31729 --- [main] o.s.w.s.h.BeanNameUrlHandlerMapping      : Rejected bean name 'org.springframework.boot.autoconfigure.web.servlet.error.ErrorMvcAutoConfiguration$WhitelabelErrorViewConfiguration': no URL paths identified
2019-07-29 18:08:47.470 DEBUG 31729 --- [main] o.s.w.s.h.BeanNameUrlHandlerMapping      : Rejected bean name 'error': no URL paths identified
2019-07-29 18:08:47.470 DEBUG 31729 --- [main] o.s.w.s.h.BeanNameUrlHandlerMapping      : Rejected bean name 'beanNameViewResolver': no URL paths identified
2019-07-29 18:08:47.471 DEBUG 31729 --- [main] o.s.w.s.h.BeanNameUrlHandlerMapping      : Rejected bean name 'org.springframework.boot.autoconfigure.web.servlet.error.ErrorMvcAutoConfiguration$DefaultErrorViewResolverConfiguration': no URL paths identified
2019-07-29 18:08:47.471 DEBUG 31729 --- [main] o.s.w.s.h.BeanNameUrlHandlerMapping      : Rejected bean name 'conventionErrorViewResolver': no URL paths identified
2019-07-29 18:08:47.471 DEBUG 31729 --- [main] o.s.w.s.h.BeanNameUrlHandlerMapping      : Rejected bean name 'org.springframework.boot.autoconfigure.web.servlet.error.ErrorMvcAutoConfiguration': no URL paths identified
2019-07-29 18:08:47.471 DEBUG 31729 --- [main] o.s.w.s.h.BeanNameUrlHandlerMapping      : Rejected bean name 'errorAttributes': no URL paths identified
2019-07-29 18:08:47.471 DEBUG 31729 --- [main] o.s.w.s.h.BeanNameUrlHandlerMapping      : Rejected bean name 'basicErrorController': no URL paths identified
2019-07-29 18:08:47.471 DEBUG 31729 --- [main] o.s.w.s.h.BeanNameUrlHandlerMapping      : Rejected bean name 'errorPageCustomizer': no URL paths identified
2019-07-29 18:08:47.471 DEBUG 31729 --- [main] o.s.w.s.h.BeanNameUrlHandlerMapping      : Rejected bean name 'preserveErrorControllerTargetClassPostProcessor': no URL paths identified
2019-07-29 18:08:47.471 DEBUG 31729 --- [main] o.s.w.s.h.BeanNameUrlHandlerMapping      : Rejected bean name 'spring.resources-org.springframework.boot.autoconfigure.web.ResourceProperties': no URL paths identified
2019-07-29 18:08:47.471 DEBUG 31729 --- [main] o.s.w.s.h.BeanNameUrlHandlerMapping      : Rejected bean name 'org.springframework.boot.actuate.autoconfigure.audit.AuditAutoConfiguration$AuditEventRepositoryConfiguration': no URL paths identified
2019-07-29 18:08:47.471 DEBUG 31729 --- [main] o.s.w.s.h.BeanNameUrlHandlerMapping      : Rejected bean name 'auditEventRepository': no URL paths identified
2019-07-29 18:08:47.471 DEBUG 31729 --- [main] o.s.w.s.h.BeanNameUrlHandlerMapping      : Rejected bean name 'org.springframework.boot.actuate.autoconfigure.audit.AuditAutoConfiguration': no URL paths identified
2019-07-29 18:08:47.471 DEBUG 31729 --- [main] o.s.w.s.h.BeanNameUrlHandlerMapping      : Rejected bean name 'auditListener': no URL paths identified
2019-07-29 18:08:47.471 DEBUG 31729 --- [main] o.s.w.s.h.BeanNameUrlHandlerMapping      : Rejected bean name 'authenticationAuditListener': no URL paths identified
2019-07-29 18:08:47.471 DEBUG 31729 --- [main] o.s.w.s.h.BeanNameUrlHandlerMapping      : Rejected bean name 'authorizationAuditListener': no URL paths identified
2019-07-29 18:08:47.471 DEBUG 31729 --- [main] o.s.w.s.h.BeanNameUrlHandlerMapping      : Rejected bean name 'org.springframework.boot.actuate.autoconfigure.audit.AuditEventsEndpointAutoConfiguration': no URL paths identified
2019-07-29 18:08:47.471 DEBUG 31729 --- [main] o.s.w.s.h.BeanNameUrlHandlerMapping      : Rejected bean name 'auditEventsEndpoint': no URL paths identified
2019-07-29 18:08:47.472 DEBUG 31729 --- [main] o.s.w.s.h.BeanNameUrlHandlerMapping      : Rejected bean name 'org.springframework.boot.actuate.autoconfigure.beans.BeansEndpointAutoConfiguration': no URL paths identified
2019-07-29 18:08:47.472 DEBUG 31729 --- [main] o.s.w.s.h.BeanNameUrlHandlerMapping      : Rejected bean name 'beansEndpoint': no URL paths identified
2019-07-29 18:08:47.472 DEBUG 31729 --- [main] o.s.w.s.h.BeanNameUrlHandlerMapping      : Rejected bean name 'org.springframework.boot.actuate.autoconfigure.system.DiskSpaceHealthIndicatorAutoConfiguration': no URL paths identified
2019-07-29 18:08:47.472 DEBUG 31729 --- [main] o.s.w.s.h.BeanNameUrlHandlerMapping      : Rejected bean name 'diskSpaceHealthIndicator': no URL paths identified
2019-07-29 18:08:47.472 DEBUG 31729 --- [main] o.s.w.s.h.BeanNameUrlHandlerMapping      : Rejected bean name 'diskSpaceHealthIndicatorProperties': no URL paths identified
2019-07-29 18:08:47.472 DEBUG 31729 --- [main] o.s.w.s.h.BeanNameUrlHandlerMapping      : Rejected bean name 'org.springframework.boot.actuate.autoconfigure.mongo.MongoHealthIndicatorAutoConfiguration': no URL paths identified
2019-07-29 18:08:47.472 DEBUG 31729 --- [main] o.s.w.s.h.BeanNameUrlHandlerMapping      : Rejected bean name 'org.springframework.boot.actuate.autoconfigure.redis.RedisHealthIndicatorAutoConfiguration': no URL paths identified
2019-07-29 18:08:47.472 DEBUG 31729 --- [main] o.s.w.s.h.BeanNameUrlHandlerMapping      : Rejected bean name 'org.springframework.boot.autoconfigure.transaction.jta.JtaAutoConfiguration': no URL paths identified
2019-07-29 18:08:47.472 DEBUG 31729 --- [main] o.s.w.s.h.BeanNameUrlHandlerMapping      : Rejected bean name 'spring.jta-org.springframework.boot.autoconfigure.transaction.jta.JtaProperties': no URL paths identified
2019-07-29 18:08:47.472 DEBUG 31729 --- [main] o.s.w.s.h.BeanNameUrlHandlerMapping      : Rejected bean name 'org.springframework.boot.autoconfigure.jdbc.DataSourceConfiguration$Hikari': no URL paths identified
2019-07-29 18:08:47.472 DEBUG 31729 --- [main] o.s.w.s.h.BeanNameUrlHandlerMapping      : Rejected bean name 'dataSource': no URL paths identified
2019-07-29 18:08:47.472 DEBUG 31729 --- [main] o.s.w.s.h.BeanNameUrlHandlerMapping      : Rejected bean name 'org.springframework.boot.autoconfigure.jdbc.DataSourceAutoConfiguration$PooledDataSourceConfiguration': no URL paths identified
2019-07-29 18:08:47.472 DEBUG 31729 --- [main] o.s.w.s.h.BeanNameUrlHandlerMapping      : Rejected bean name 'org.springframework.boot.autoconfigure.jdbc.metadata.DataSourcePoolMetadataProvidersConfiguration$HikariPoolDataSourceMetadataProviderConfiguration': no URL paths identified
2019-07-29 18:08:47.472 DEBUG 31729 --- [main] o.s.w.s.h.BeanNameUrlHandlerMapping      : Rejected bean name 'hikariPoolDataSourceMetadataProvider': no URL paths identified
2019-07-29 18:08:47.472 DEBUG 31729 --- [main] o.s.w.s.h.BeanNameUrlHandlerMapping      : Rejected bean name 'org.springframework.boot.autoconfigure.jdbc.metadata.DataSourcePoolMetadataProvidersConfiguration': no URL paths identified
2019-07-29 18:08:47.473 DEBUG 31729 --- [main] o.s.w.s.h.BeanNameUrlHandlerMapping      : Rejected bean name 'org.springframework.boot.autoconfigure.jdbc.DataSourceInitializerInvoker': no URL paths identified
2019-07-29 18:08:47.473 DEBUG 31729 --- [main] o.s.w.s.h.BeanNameUrlHandlerMapping      : Rejected bean name 'org.springframework.boot.autoconfigure.jdbc.DataSourceInitializationConfiguration': no URL paths identified
2019-07-29 18:08:47.473 DEBUG 31729 --- [main] o.s.w.s.h.BeanNameUrlHandlerMapping      : Rejected bean name 'dataSourceInitializerPostProcessor': no URL paths identified
2019-07-29 18:08:47.473 DEBUG 31729 --- [main] o.s.w.s.h.BeanNameUrlHandlerMapping      : Rejected bean name 'org.springframework.boot.autoconfigure.jdbc.DataSourceAutoConfiguration': no URL paths identified
2019-07-29 18:08:47.473 DEBUG 31729 --- [main] o.s.w.s.h.BeanNameUrlHandlerMapping      : Rejected bean name 'spring.datasource-org.springframework.boot.autoconfigure.jdbc.DataSourceProperties': no URL paths identified
2019-07-29 18:08:47.473 DEBUG 31729 --- [main] o.s.w.s.h.BeanNameUrlHandlerMapping      : Rejected bean name 'org.springframework.boot.actuate.autoconfigure.jdbc.DataSourceHealthIndicatorAutoConfiguration': no URL paths identified
2019-07-29 18:08:47.473 DEBUG 31729 --- [main] o.s.w.s.h.BeanNameUrlHandlerMapping      : Rejected bean name 'dbHealthIndicator': no URL paths identified
2019-07-29 18:08:47.473 DEBUG 31729 --- [main] o.s.w.s.h.BeanNameUrlHandlerMapping      : Rejected bean name 'org.springframework.boot.actuate.autoconfigure.elasticsearch.ElasticsearchHealthIndicatorAutoConfiguration': no URL paths identified
2019-07-29 18:08:47.473 DEBUG 31729 --- [main] o.s.w.s.h.BeanNameUrlHandlerMapping      : Rejected bean name 'org.springframework.boot.actuate.autoconfigure.health.HealthIndicatorAutoConfiguration': no URL paths identified
2019-07-29 18:08:47.473 DEBUG 31729 --- [main] o.s.w.s.h.BeanNameUrlHandlerMapping      : Rejected bean name 'healthAggregator': no URL paths identified
2019-07-29 18:08:47.473 DEBUG 31729 --- [main] o.s.w.s.h.BeanNameUrlHandlerMapping      : Rejected bean name 'management.health.status-org.springframework.boot.actuate.autoconfigure.health.HealthIndicatorProperties': no URL paths identified
2019-07-29 18:08:47.473 DEBUG 31729 --- [main] o.s.w.s.h.BeanNameUrlHandlerMapping      : Rejected bean name 'org.springframework.boot.actuate.autoconfigure.health.HealthEndpointConfiguration': no URL paths identified
2019-07-29 18:08:47.473 DEBUG 31729 --- [main] o.s.w.s.h.BeanNameUrlHandlerMapping      : Rejected bean name 'healthEndpoint': no URL paths identified
2019-07-29 18:08:47.473 DEBUG 31729 --- [main] o.s.w.s.h.BeanNameUrlHandlerMapping      : Rejected bean name 'org.springframework.boot.actuate.autoconfigure.health.HealthEndpointWebExtensionConfiguration$ServletWebHealthConfiguration': no URL paths identified
2019-07-29 18:08:47.473 DEBUG 31729 --- [main] o.s.w.s.h.BeanNameUrlHandlerMapping      : Rejected bean name 'healthEndpointWebExtension': no URL paths identified
2019-07-29 18:08:47.473 DEBUG 31729 --- [main] o.s.w.s.h.BeanNameUrlHandlerMapping      : Rejected bean name 'org.springframework.boot.actuate.autoconfigure.health.HealthEndpointWebExtensionConfiguration': no URL paths identified
2019-07-29 18:08:47.474 DEBUG 31729 --- [main] o.s.w.s.h.BeanNameUrlHandlerMapping      : Rejected bean name 'createHealthStatusHttpMapper': no URL paths identified
2019-07-29 18:08:47.474 DEBUG 31729 --- [main] o.s.w.s.h.BeanNameUrlHandlerMapping      : Rejected bean name 'healthWebEndpointResponseMapper': no URL paths identified
2019-07-29 18:08:47.474 DEBUG 31729 --- [main] o.s.w.s.h.BeanNameUrlHandlerMapping      : Rejected bean name 'org.springframework.boot.actuate.autoconfigure.health.HealthEndpointAutoConfiguration': no URL paths identified
2019-07-29 18:08:47.474 DEBUG 31729 --- [main] o.s.w.s.h.BeanNameUrlHandlerMapping      : Rejected bean name 'management.endpoint.health-org.springframework.boot.actuate.autoconfigure.health.HealthEndpointProperties': no URL paths identified
2019-07-29 18:08:47.474 DEBUG 31729 --- [main] o.s.w.s.h.BeanNameUrlHandlerMapping      : Rejected bean name 'org.springframework.boot.actuate.autoconfigure.web.servlet.ServletManagementContextAutoConfiguration': no URL paths identified
2019-07-29 18:08:47.474 DEBUG 31729 --- [main] o.s.w.s.h.BeanNameUrlHandlerMapping      : Rejected bean name 'servletWebChildContextFactory': no URL paths identified
2019-07-29 18:08:47.474 DEBUG 31729 --- [main] o.s.w.s.h.BeanNameUrlHandlerMapping      : Rejected bean name 'managementServletContext': no URL paths identified
2019-07-29 18:08:47.474 DEBUG 31729 --- [main] o.s.w.s.h.BeanNameUrlHandlerMapping      : Rejected bean name 'org.springframework.boot.actuate.autoconfigure.condition.ConditionsReportEndpointAutoConfiguration': no URL paths identified
2019-07-29 18:08:47.474 DEBUG 31729 --- [main] o.s.w.s.h.BeanNameUrlHandlerMapping      : Rejected bean name 'conditionsReportEndpoint': no URL paths identified
2019-07-29 18:08:47.474 DEBUG 31729 --- [main] o.s.w.s.h.BeanNameUrlHandlerMapping      : Rejected bean name 'org.springframework.boot.actuate.autoconfigure.context.ShutdownEndpointAutoConfiguration': no URL paths identified
2019-07-29 18:08:47.474 DEBUG 31729 --- [main] o.s.w.s.h.BeanNameUrlHandlerMapping      : Rejected bean name 'org.springframework.boot.actuate.autoconfigure.context.properties.ConfigurationPropertiesReportEndpointAutoConfiguration': no URL paths identified
2019-07-29 18:08:47.474 DEBUG 31729 --- [main] o.s.w.s.h.BeanNameUrlHandlerMapping      : Rejected bean name 'configurationPropertiesReportEndpoint': no URL paths identified
2019-07-29 18:08:47.474 DEBUG 31729 --- [main] o.s.w.s.h.BeanNameUrlHandlerMapping      : Rejected bean name 'management.endpoint.configprops-org.springframework.boot.actuate.autoconfigure.context.properties.ConfigurationPropertiesReportEndpointProperties': no URL paths identified
2019-07-29 18:08:47.474 DEBUG 31729 --- [main] o.s.w.s.h.BeanNameUrlHandlerMapping      : Rejected bean name 'org.springframework.boot.actuate.autoconfigure.endpoint.EndpointAutoConfiguration': no URL paths identified
2019-07-29 18:08:47.474 DEBUG 31729 --- [main] o.s.w.s.h.BeanNameUrlHandlerMapping      : Rejected bean name 'endpointOperationParameterMapper': no URL paths identified
2019-07-29 18:08:47.475 DEBUG 31729 --- [main] o.s.w.s.h.BeanNameUrlHandlerMapping      : Rejected bean name 'endpointCachingOperationInvokerAdvisor': no URL paths identified
2019-07-29 18:08:47.475 DEBUG 31729 --- [main] o.s.w.s.h.BeanNameUrlHandlerMapping      : Rejected bean name 'org.springframework.boot.actuate.autoconfigure.endpoint.jmx.JmxEndpointAutoConfiguration': no URL paths identified
2019-07-29 18:08:47.475 DEBUG 31729 --- [main] o.s.w.s.h.BeanNameUrlHandlerMapping      : Rejected bean name 'jmxAnnotationEndpointDiscoverer': no URL paths identified
2019-07-29 18:08:47.475 DEBUG 31729 --- [main] o.s.w.s.h.BeanNameUrlHandlerMapping      : Rejected bean name 'jmxIncludeExcludePropertyEndpointFilter': no URL paths identified
2019-07-29 18:08:47.475 DEBUG 31729 --- [main] o.s.w.s.h.BeanNameUrlHandlerMapping      : Rejected bean name 'management.endpoints.jmx-org.springframework.boot.actuate.autoconfigure.endpoint.jmx.JmxEndpointProperties': no URL paths identified
2019-07-29 18:08:47.475 DEBUG 31729 --- [main] o.s.w.s.h.BeanNameUrlHandlerMapping      : Rejected bean name 'org.springframework.boot.actuate.autoconfigure.endpoint.web.WebEndpointAutoConfiguration$WebEndpointServletConfiguration': no URL paths identified
2019-07-29 18:08:47.475 DEBUG 31729 --- [main] o.s.w.s.h.BeanNameUrlHandlerMapping      : Rejected bean name 'servletEndpointDiscoverer': no URL paths identified
2019-07-29 18:08:47.475 DEBUG 31729 --- [main] o.s.w.s.h.BeanNameUrlHandlerMapping      : Rejected bean name 'org.springframework.boot.actuate.autoconfigure.endpoint.web.WebEndpointAutoConfiguration': no URL paths identified
2019-07-29 18:08:47.475 DEBUG 31729 --- [main] o.s.w.s.h.BeanNameUrlHandlerMapping      : Rejected bean name 'webEndpointPathMapper': no URL paths identified
2019-07-29 18:08:47.475 DEBUG 31729 --- [main] o.s.w.s.h.BeanNameUrlHandlerMapping      : Rejected bean name 'endpointMediaTypes': no URL paths identified
2019-07-29 18:08:47.475 DEBUG 31729 --- [main] o.s.w.s.h.BeanNameUrlHandlerMapping      : Rejected bean name 'webEndpointDiscoverer': no URL paths identified
2019-07-29 18:08:47.475 DEBUG 31729 --- [main] o.s.w.s.h.BeanNameUrlHandlerMapping      : Rejected bean name 'controllerEndpointDiscoverer': no URL paths identified
2019-07-29 18:08:47.475 DEBUG 31729 --- [main] o.s.w.s.h.BeanNameUrlHandlerMapping      : Rejected bean name 'pathMappedEndpoints': no URL paths identified
2019-07-29 18:08:47.475 DEBUG 31729 --- [main] o.s.w.s.h.BeanNameUrlHandlerMapping      : Rejected bean name 'webExposeExcludePropertyEndpointFilter': no URL paths identified
2019-07-29 18:08:47.475 DEBUG 31729 --- [main] o.s.w.s.h.BeanNameUrlHandlerMapping      : Rejected bean name 'controllerExposeExcludePropertyEndpointFilter': no URL paths identified
2019-07-29 18:08:47.475 DEBUG 31729 --- [main] o.s.w.s.h.BeanNameUrlHandlerMapping      : Rejected bean name 'management.endpoints.web-org.springframework.boot.actuate.autoconfigure.endpoint.web.WebEndpointProperties': no URL paths identified
2019-07-29 18:08:47.475 DEBUG 31729 --- [main] o.s.w.s.h.BeanNameUrlHandlerMapping      : Rejected bean name 'org.springframework.boot.actuate.autoconfigure.env.EnvironmentEndpointAutoConfiguration': no URL paths identified
2019-07-29 18:08:47.476 DEBUG 31729 --- [main] o.s.w.s.h.BeanNameUrlHandlerMapping      : Rejected bean name 'environmentEndpoint': no URL paths identified
2019-07-29 18:08:47.476 DEBUG 31729 --- [main] o.s.w.s.h.BeanNameUrlHandlerMapping      : Rejected bean name 'environmentEndpointWebExtension': no URL paths identified
2019-07-29 18:08:47.476 DEBUG 31729 --- [main] o.s.w.s.h.BeanNameUrlHandlerMapping      : Rejected bean name 'management.endpoint.env-org.springframework.boot.actuate.autoconfigure.env.EnvironmentEndpointProperties': no URL paths identified
2019-07-29 18:08:47.476 DEBUG 31729 --- [main] o.s.w.s.h.BeanNameUrlHandlerMapping      : Rejected bean name 'org.springframework.boot.autoconfigure.info.ProjectInfoAutoConfiguration': no URL paths identified
2019-07-29 18:08:47.476 DEBUG 31729 --- [main] o.s.w.s.h.BeanNameUrlHandlerMapping      : Rejected bean name 'spring.info-org.springframework.boot.autoconfigure.info.ProjectInfoProperties': no URL paths identified
2019-07-29 18:08:47.476 DEBUG 31729 --- [main] o.s.w.s.h.BeanNameUrlHandlerMapping      : Rejected bean name 'org.springframework.boot.actuate.autoconfigure.info.InfoContributorAutoConfiguration': no URL paths identified
2019-07-29 18:08:47.476 DEBUG 31729 --- [main] o.s.w.s.h.BeanNameUrlHandlerMapping      : Rejected bean name 'envInfoContributor': no URL paths identified
2019-07-29 18:08:47.476 DEBUG 31729 --- [main] o.s.w.s.h.BeanNameUrlHandlerMapping      : Rejected bean name 'management.info-org.springframework.boot.actuate.autoconfigure.info.InfoContributorProperties': no URL paths identified
2019-07-29 18:08:47.476 DEBUG 31729 --- [main] o.s.w.s.h.BeanNameUrlHandlerMapping      : Rejected bean name 'org.springframework.boot.actuate.autoconfigure.info.InfoEndpointAutoConfiguration': no URL paths identified
2019-07-29 18:08:47.476 DEBUG 31729 --- [main] o.s.w.s.h.BeanNameUrlHandlerMapping      : Rejected bean name 'infoEndpoint': no URL paths identified
2019-07-29 18:08:47.476 DEBUG 31729 --- [main] o.s.w.s.h.BeanNameUrlHandlerMapping      : Rejected bean name 'org.springframework.boot.actuate.autoconfigure.logging.LogFileWebEndpointAutoConfiguration': no URL paths identified
2019-07-29 18:08:47.476 DEBUG 31729 --- [main] o.s.w.s.h.BeanNameUrlHandlerMapping      : Rejected bean name 'logFileWebEndpoint': no URL paths identified
2019-07-29 18:08:47.476 DEBUG 31729 --- [main] o.s.w.s.h.BeanNameUrlHandlerMapping      : Rejected bean name 'management.endpoint.logfile-org.springframework.boot.actuate.autoconfigure.logging.LogFileWebEndpointProperties': no URL paths identified
2019-07-29 18:08:47.476 DEBUG 31729 --- [main] o.s.w.s.h.BeanNameUrlHandlerMapping      : Rejected bean name 'org.springframework.boot.actuate.autoconfigure.logging.LoggersEndpointAutoConfiguration': no URL paths identified
2019-07-29 18:08:47.476 DEBUG 31729 --- [main] o.s.w.s.h.BeanNameUrlHandlerMapping      : Rejected bean name 'loggersEndpoint': no URL paths identified
2019-07-29 18:08:47.476 DEBUG 31729 --- [main] o.s.w.s.h.BeanNameUrlHandlerMapping      : Rejected bean name 'org.springframework.boot.actuate.autoconfigure.management.HeapDumpWebEndpointAutoConfiguration': no URL paths identified
2019-07-29 18:08:47.477 DEBUG 31729 --- [main] o.s.w.s.h.BeanNameUrlHandlerMapping      : Rejected bean name 'heapDumpWebEndpoint': no URL paths identified
2019-07-29 18:08:47.477 DEBUG 31729 --- [main] o.s.w.s.h.BeanNameUrlHandlerMapping      : Rejected bean name 'org.springframework.boot.actuate.autoconfigure.management.ThreadDumpEndpointAutoConfiguration': no URL paths identified
2019-07-29 18:08:47.477 DEBUG 31729 --- [main] o.s.w.s.h.BeanNameUrlHandlerMapping      : Rejected bean name 'dumpEndpoint': no URL paths identified
2019-07-29 18:08:47.477 DEBUG 31729 --- [main] o.s.w.s.h.BeanNameUrlHandlerMapping      : Rejected bean name 'org.springframework.boot.actuate.autoconfigure.metrics.MetricsAutoConfiguration$MeterBindersConfiguration': no URL paths identified
2019-07-29 18:08:47.477 DEBUG 31729 --- [main] o.s.w.s.h.BeanNameUrlHandlerMapping      : Rejected bean name 'logbackMetrics': no URL paths identified
2019-07-29 18:08:47.477 DEBUG 31729 --- [main] o.s.w.s.h.BeanNameUrlHandlerMapping      : Rejected bean name 'uptimeMetrics': no URL paths identified
2019-07-29 18:08:47.477 DEBUG 31729 --- [main] o.s.w.s.h.BeanNameUrlHandlerMapping      : Rejected bean name 'processorMetrics': no URL paths identified
2019-07-29 18:08:47.477 DEBUG 31729 --- [main] o.s.w.s.h.BeanNameUrlHandlerMapping      : Rejected bean name 'fileDescriptorMetrics': no URL paths identified
2019-07-29 18:08:47.477 DEBUG 31729 --- [main] o.s.w.s.h.BeanNameUrlHandlerMapping      : Rejected bean name 'org.springframework.boot.actuate.autoconfigure.metrics.MetricsAutoConfiguration$JvmMeterBindersConfiguration': no URL paths identified
2019-07-29 18:08:47.477 DEBUG 31729 --- [main] o.s.w.s.h.BeanNameUrlHandlerMapping      : Rejected bean name 'jvmGcMetrics': no URL paths identified
2019-07-29 18:08:47.477 DEBUG 31729 --- [main] o.s.w.s.h.BeanNameUrlHandlerMapping      : Rejected bean name 'jvmMemoryMetrics': no URL paths identified
2019-07-29 18:08:47.477 DEBUG 31729 --- [main] o.s.w.s.h.BeanNameUrlHandlerMapping      : Rejected bean name 'jvmThreadMetrics': no URL paths identified
2019-07-29 18:08:47.477 DEBUG 31729 --- [main] o.s.w.s.h.BeanNameUrlHandlerMapping      : Rejected bean name 'classLoaderMetrics': no URL paths identified
2019-07-29 18:08:47.477 DEBUG 31729 --- [main] o.s.w.s.h.BeanNameUrlHandlerMapping      : Rejected bean name 'org.springframework.boot.actuate.autoconfigure.metrics.MetricsAutoConfiguration': no URL paths identified
2019-07-29 18:08:47.477 DEBUG 31729 --- [main] o.s.w.s.h.BeanNameUrlHandlerMapping      : Rejected bean name 'micrometerClock': no URL paths identified
2019-07-29 18:08:47.478 DEBUG 31729 --- [main] o.s.w.s.h.BeanNameUrlHandlerMapping      : Rejected bean name 'meterRegistryPostProcessor': no URL paths identified
2019-07-29 18:08:47.478 DEBUG 31729 --- [main] o.s.w.s.h.BeanNameUrlHandlerMapping      : Rejected bean name 'propertiesMeterFilter': no URL paths identified
2019-07-29 18:08:47.478 DEBUG 31729 --- [main] o.s.w.s.h.BeanNameUrlHandlerMapping      : Rejected bean name 'management.metrics-org.springframework.boot.actuate.autoconfigure.metrics.MetricsProperties': no URL paths identified
2019-07-29 18:08:47.478 DEBUG 31729 --- [main] o.s.w.s.h.BeanNameUrlHandlerMapping      : Rejected bean name 'org.springframework.boot.actuate.autoconfigure.metrics.export.simple.SimpleMetricsExportAutoConfiguration': no URL paths identified
2019-07-29 18:08:47.478 DEBUG 31729 --- [main] o.s.w.s.h.BeanNameUrlHandlerMapping      : Rejected bean name 'simpleMeterRegistry': no URL paths identified
2019-07-29 18:08:47.478 DEBUG 31729 --- [main] o.s.w.s.h.BeanNameUrlHandlerMapping      : Rejected bean name 'simpleConfig': no URL paths identified
2019-07-29 18:08:47.478 DEBUG 31729 --- [main] o.s.w.s.h.BeanNameUrlHandlerMapping      : Rejected bean name 'management.metrics.export.simple-org.springframework.boot.actuate.autoconfigure.metrics.export.simple.SimpleProperties': no URL paths identified
2019-07-29 18:08:47.479 DEBUG 31729 --- [main] o.s.w.s.h.BeanNameUrlHandlerMapping      : Rejected bean name 'org.springframework.boot.actuate.autoconfigure.metrics.CompositeMeterRegistryAutoConfiguration': no URL paths identified
2019-07-29 18:08:47.479 DEBUG 31729 --- [main] o.s.w.s.h.BeanNameUrlHandlerMapping      : Rejected bean name 'org.springframework.boot.actuate.autoconfigure.metrics.MetricsEndpointAutoConfiguration': no URL paths identified
2019-07-29 18:08:47.479 DEBUG 31729 --- [main] o.s.w.s.h.BeanNameUrlHandlerMapping      : Rejected bean name 'metricsEndpoint': no URL paths identified
2019-07-29 18:08:47.479 DEBUG 31729 --- [main] o.s.w.s.h.BeanNameUrlHandlerMapping      : Rejected bean name 'org.springframework.boot.autoconfigure.orm.jpa.JpaBaseConfiguration$JpaWebConfiguration$JpaWebMvcConfiguration': no URL paths identified
2019-07-29 18:08:47.479 DEBUG 31729 --- [main] o.s.w.s.h.BeanNameUrlHandlerMapping      : Rejected bean name 'openEntityManagerInViewInterceptor': no URL paths identified
2019-07-29 18:08:47.479 DEBUG 31729 --- [main] o.s.w.s.h.BeanNameUrlHandlerMapping      : Rejected bean name 'org.springframework.boot.autoconfigure.orm.jpa.JpaBaseConfiguration$JpaWebConfiguration': no URL paths identified
2019-07-29 18:08:47.479 DEBUG 31729 --- [main] o.s.w.s.h.BeanNameUrlHandlerMapping      : Rejected bean name 'org.springframework.boot.autoconfigure.orm.jpa.HibernateJpaConfiguration': no URL paths identified
2019-07-29 18:08:47.479 DEBUG 31729 --- [main] o.s.w.s.h.BeanNameUrlHandlerMapping      : Rejected bean name 'transactionManager': no URL paths identified
2019-07-29 18:08:47.479 DEBUG 31729 --- [main] o.s.w.s.h.BeanNameUrlHandlerMapping      : Rejected bean name 'jpaVendorAdapter': no URL paths identified
2019-07-29 18:08:47.479 DEBUG 31729 --- [main] o.s.w.s.h.BeanNameUrlHandlerMapping      : Rejected bean name 'entityManagerFactoryBuilder': no URL paths identified
2019-07-29 18:08:47.479 DEBUG 31729 --- [main] o.s.w.s.h.BeanNameUrlHandlerMapping      : Rejected bean name 'entityManagerFactory': no URL paths identified
2019-07-29 18:08:47.479 DEBUG 31729 --- [main] o.s.w.s.h.BeanNameUrlHandlerMapping      : Rejected bean name 'spring.jpa-org.springframework.boot.autoconfigure.orm.jpa.JpaProperties': no URL paths identified
2019-07-29 18:08:47.479 DEBUG 31729 --- [main] o.s.w.s.h.BeanNameUrlHandlerMapping      : Rejected bean name 'dataSourceInitializedPublisher': no URL paths identified
2019-07-29 18:08:47.480 DEBUG 31729 --- [main] o.s.w.s.h.BeanNameUrlHandlerMapping      : Rejected bean name 'org.springframework.boot.autoconfigure.orm.jpa.HibernateJpaAutoConfiguration': no URL paths identified
2019-07-29 18:08:47.480 DEBUG 31729 --- [main] o.s.w.s.h.BeanNameUrlHandlerMapping      : Rejected bean name 'org.springframework.boot.actuate.autoconfigure.metrics.jdbc.DataSourcePoolMetricsAutoConfiguration$HikariDataSourceMetricsConfiguration': no URL paths identified
2019-07-29 18:08:47.480 DEBUG 31729 --- [main] o.s.w.s.h.BeanNameUrlHandlerMapping      : Rejected bean name 'hikariDataSourceMetricsPostProcessor': no URL paths identified
2019-07-29 18:08:47.480 DEBUG 31729 --- [main] o.s.w.s.h.BeanNameUrlHandlerMapping      : Rejected bean name 'org.springframework.boot.actuate.autoconfigure.metrics.jdbc.DataSourcePoolMetricsAutoConfiguration$DataSourcePoolMetadataMetricsConfiguration': no URL paths identified
2019-07-29 18:08:47.480 DEBUG 31729 --- [main] o.s.w.s.h.BeanNameUrlHandlerMapping      : Rejected bean name 'org.springframework.boot.actuate.autoconfigure.metrics.jdbc.DataSourcePoolMetricsAutoConfiguration': no URL paths identified
2019-07-29 18:08:47.480 DEBUG 31729 --- [main] o.s.w.s.h.BeanNameUrlHandlerMapping      : Rejected bean name 'org.springframework.boot.autoconfigure.jackson.JacksonAutoConfiguration$Jackson2ObjectMapperBuilderCustomizerConfiguration': no URL paths identified
2019-07-29 18:08:47.480 DEBUG 31729 --- [main] o.s.w.s.h.BeanNameUrlHandlerMapping      : Rejected bean name 'standardJacksonObjectMapperBuilderCustomizer': no URL paths identified
2019-07-29 18:08:47.480 DEBUG 31729 --- [main] o.s.w.s.h.BeanNameUrlHandlerMapping      : Rejected bean name 'spring.jackson-org.springframework.boot.autoconfigure.jackson.JacksonProperties': no URL paths identified
2019-07-29 18:08:47.480 DEBUG 31729 --- [main] o.s.w.s.h.BeanNameUrlHandlerMapping      : Rejected bean name 'org.springframework.boot.autoconfigure.jackson.JacksonAutoConfiguration$JacksonObjectMapperBuilderConfiguration': no URL paths identified
2019-07-29 18:08:47.480 DEBUG 31729 --- [main] o.s.w.s.h.BeanNameUrlHandlerMapping      : Rejected bean name 'jacksonObjectMapperBuilder': no URL paths identified
2019-07-29 18:08:47.480 DEBUG 31729 --- [main] o.s.w.s.h.BeanNameUrlHandlerMapping      : Rejected bean name 'org.springframework.boot.autoconfigure.jackson.JacksonAutoConfiguration$ParameterNamesModuleConfiguration': no URL paths identified
2019-07-29 18:08:47.480 DEBUG 31729 --- [main] o.s.w.s.h.BeanNameUrlHandlerMapping      : Rejected bean name 'parameterNamesModule': no URL paths identified
2019-07-29 18:08:47.480 DEBUG 31729 --- [main] o.s.w.s.h.BeanNameUrlHandlerMapping      : Rejected bean name 'org.springframework.boot.autoconfigure.jackson.JacksonAutoConfiguration$JacksonObjectMapperConfiguration': no URL paths identified
2019-07-29 18:08:47.480 DEBUG 31729 --- [main] o.s.w.s.h.BeanNameUrlHandlerMapping      : Rejected bean name 'org.springframework.boot.autoconfigure.jackson.JacksonAutoConfiguration': no URL paths identified
2019-07-29 18:08:47.480 DEBUG 31729 --- [main] o.s.w.s.h.BeanNameUrlHandlerMapping      : Rejected bean name 'jsonComponentModule': no URL paths identified
2019-07-29 18:08:47.480 DEBUG 31729 --- [main] o.s.w.s.h.BeanNameUrlHandlerMapping      : Rejected bean name 'org.springframework.boot.autoconfigure.http.HttpMessageConvertersAutoConfiguration$StringHttpMessageConverterConfiguration': no URL paths identified
2019-07-29 18:08:47.481 DEBUG 31729 --- [main] o.s.w.s.h.BeanNameUrlHandlerMapping      : Rejected bean name 'stringHttpMessageConverter': no URL paths identified
2019-07-29 18:08:47.481 DEBUG 31729 --- [main] o.s.w.s.h.BeanNameUrlHandlerMapping      : Rejected bean name 'spring.http.encoding-org.springframework.boot.autoconfigure.http.HttpEncodingProperties': no URL paths identified
2019-07-29 18:08:47.481 DEBUG 31729 --- [main] o.s.w.s.h.BeanNameUrlHandlerMapping      : Rejected bean name 'org.springframework.boot.autoconfigure.http.JacksonHttpMessageConvertersConfiguration$MappingJackson2HttpMessageConverterConfiguration': no URL paths identified
2019-07-29 18:08:47.481 DEBUG 31729 --- [main] o.s.w.s.h.BeanNameUrlHandlerMapping      : Rejected bean name 'mappingJackson2HttpMessageConverter': no URL paths identified
2019-07-29 18:08:47.481 DEBUG 31729 --- [main] o.s.w.s.h.BeanNameUrlHandlerMapping      : Rejected bean name 'org.springframework.boot.autoconfigure.http.JacksonHttpMessageConvertersConfiguration': no URL paths identified
2019-07-29 18:08:47.481 DEBUG 31729 --- [main] o.s.w.s.h.BeanNameUrlHandlerMapping      : Rejected bean name 'org.springframework.boot.autoconfigure.http.HttpMessageConvertersAutoConfiguration': no URL paths identified
2019-07-29 18:08:47.481 DEBUG 31729 --- [main] o.s.w.s.h.BeanNameUrlHandlerMapping      : Rejected bean name 'messageConverters': no URL paths identified
2019-07-29 18:08:47.481 DEBUG 31729 --- [main] o.s.w.s.h.BeanNameUrlHandlerMapping      : Rejected bean name 'org.springframework.boot.autoconfigure.web.client.RestTemplateAutoConfiguration': no URL paths identified
2019-07-29 18:08:47.481 DEBUG 31729 --- [main] o.s.w.s.h.BeanNameUrlHandlerMapping      : Rejected bean name 'restTemplateBuilder': no URL paths identified
2019-07-29 18:08:47.481 DEBUG 31729 --- [main] o.s.w.s.h.BeanNameUrlHandlerMapping      : Rejected bean name 'org.springframework.boot.actuate.autoconfigure.metrics.web.client.RestTemplateMetricsAutoConfiguration': no URL paths identified
2019-07-29 18:08:47.481 DEBUG 31729 --- [main] o.s.w.s.h.BeanNameUrlHandlerMapping      : Rejected bean name 'restTemplateTagConfigurer': no URL paths identified
2019-07-29 18:08:47.481 DEBUG 31729 --- [main] o.s.w.s.h.BeanNameUrlHandlerMapping      : Rejected bean name 'metricsRestTemplateCustomizer': no URL paths identified
2019-07-29 18:08:47.481 DEBUG 31729 --- [main] o.s.w.s.h.BeanNameUrlHandlerMapping      : Rejected bean name 'metricsWebClientUriTagFilter': no URL paths identified
2019-07-29 18:08:47.481 DEBUG 31729 --- [main] o.s.w.s.h.BeanNameUrlHandlerMapping      : Rejected bean name 'org.springframework.boot.actuate.autoconfigure.metrics.web.servlet.WebMvcMetricsAutoConfiguration': no URL paths identified
2019-07-29 18:08:47.481 DEBUG 31729 --- [main] o.s.w.s.h.BeanNameUrlHandlerMapping      : Rejected bean name 'webMvcTagsProvider': no URL paths identified
2019-07-29 18:08:47.481 DEBUG 31729 --- [main] o.s.w.s.h.BeanNameUrlHandlerMapping      : Rejected bean name 'webMvcMetricsFilter': no URL paths identified
2019-07-29 18:08:47.482 DEBUG 31729 --- [main] o.s.w.s.h.BeanNameUrlHandlerMapping      : Rejected bean name 'metricsHttpServerUriTagFilter': no URL paths identified
2019-07-29 18:08:47.482 DEBUG 31729 --- [main] o.s.w.s.h.BeanNameUrlHandlerMapping      : Rejected bean name 'metricsWebMvcConfigurer': no URL paths identified
2019-07-29 18:08:47.482 DEBUG 31729 --- [main] o.s.w.s.h.BeanNameUrlHandlerMapping      : Rejected bean name 'org.springframework.boot.actuate.autoconfigure.metrics.web.tomcat.TomcatMetricsAutoConfiguration': no URL paths identified
2019-07-29 18:08:47.482 DEBUG 31729 --- [main] o.s.w.s.h.BeanNameUrlHandlerMapping      : Rejected bean name 'tomcatMetrics': no URL paths identified
2019-07-29 18:08:47.482 DEBUG 31729 --- [main] o.s.w.s.h.BeanNameUrlHandlerMapping      : Rejected bean name 'contextCapturingServletTomcatCustomizer': no URL paths identified
2019-07-29 18:08:47.482 DEBUG 31729 --- [main] o.s.w.s.h.BeanNameUrlHandlerMapping      : Rejected bean name 'org.springframework.boot.actuate.autoconfigure.scheduling.ScheduledTasksEndpointAutoConfiguration': no URL paths identified
2019-07-29 18:08:47.482 DEBUG 31729 --- [main] o.s.w.s.h.BeanNameUrlHandlerMapping      : Rejected bean name 'scheduledTasksEndpoint': no URL paths identified
2019-07-29 18:08:47.482 DEBUG 31729 --- [main] o.s.w.s.h.BeanNameUrlHandlerMapping      : Rejected bean name 'org.springframework.boot.actuate.autoconfigure.trace.http.HttpTraceAutoConfiguration$ServletTraceFilterConfiguration': no URL paths identified
2019-07-29 18:08:47.482 DEBUG 31729 --- [main] o.s.w.s.h.BeanNameUrlHandlerMapping      : Rejected bean name 'httpTraceFilter': no URL paths identified
2019-07-29 18:08:47.482 DEBUG 31729 --- [main] o.s.w.s.h.BeanNameUrlHandlerMapping      : Rejected bean name 'org.springframework.boot.actuate.autoconfigure.trace.http.HttpTraceAutoConfiguration': no URL paths identified
2019-07-29 18:08:47.483 DEBUG 31729 --- [main] o.s.w.s.h.BeanNameUrlHandlerMapping      : Rejected bean name 'traceRepository': no URL paths identified
2019-07-29 18:08:47.483 DEBUG 31729 --- [main] o.s.w.s.h.BeanNameUrlHandlerMapping      : Rejected bean name 'httpExchangeTracer': no URL paths identified
2019-07-29 18:08:47.483 DEBUG 31729 --- [main] o.s.w.s.h.BeanNameUrlHandlerMapping      : Rejected bean name 'management.trace.http-org.springframework.boot.actuate.autoconfigure.trace.http.HttpTraceProperties': no URL paths identified
2019-07-29 18:08:47.483 DEBUG 31729 --- [main] o.s.w.s.h.BeanNameUrlHandlerMapping      : Rejected bean name 'org.springframework.boot.actuate.autoconfigure.trace.http.HttpTraceEndpointAutoConfiguration': no URL paths identified
2019-07-29 18:08:47.483 DEBUG 31729 --- [main] o.s.w.s.h.BeanNameUrlHandlerMapping      : Rejected bean name 'httpTraceEndpoint': no URL paths identified
2019-07-29 18:08:47.483 DEBUG 31729 --- [main] o.s.w.s.h.BeanNameUrlHandlerMapping      : Rejected bean name 'org.springframework.boot.actuate.autoconfigure.web.mappings.MappingsEndpointAutoConfiguration$ServletWebConfiguration$SpringMvcConfiguration': no URL paths identified
2019-07-29 18:08:47.483 DEBUG 31729 --- [main] o.s.w.s.h.BeanNameUrlHandlerMapping      : Rejected bean name 'dispatcherServletMappingDescriptionProvider': no URL paths identified
2019-07-29 18:08:47.483 DEBUG 31729 --- [main] o.s.w.s.h.BeanNameUrlHandlerMapping      : Rejected bean name 'org.springframework.boot.actuate.autoconfigure.web.mappings.MappingsEndpointAutoConfiguration$ServletWebConfiguration': no URL paths identified
2019-07-29 18:08:47.483 DEBUG 31729 --- [main] o.s.w.s.h.BeanNameUrlHandlerMapping      : Rejected bean name 'servletMappingDescriptionProvider': no URL paths identified
2019-07-29 18:08:47.483 DEBUG 31729 --- [main] o.s.w.s.h.BeanNameUrlHandlerMapping      : Rejected bean name 'filterMappingDescriptionProvider': no URL paths identified
2019-07-29 18:08:47.483 DEBUG 31729 --- [main] o.s.w.s.h.BeanNameUrlHandlerMapping      : Rejected bean name 'org.springframework.boot.actuate.autoconfigure.web.mappings.MappingsEndpointAutoConfiguration': no URL paths identified
2019-07-29 18:08:47.483 DEBUG 31729 --- [main] o.s.w.s.h.BeanNameUrlHandlerMapping      : Rejected bean name 'mappingsEndpoint': no URL paths identified
2019-07-29 18:08:47.484 DEBUG 31729 --- [main] o.s.w.s.h.BeanNameUrlHandlerMapping      : Rejected bean name 'org.springframework.boot.autoconfigure.aop.AopAutoConfiguration$CglibAutoProxyConfiguration': no URL paths identified
2019-07-29 18:08:47.484 DEBUG 31729 --- [main] o.s.w.s.h.BeanNameUrlHandlerMapping      : Rejected bean name 'org.springframework.aop.config.internalAutoProxyCreator': no URL paths identified
2019-07-29 18:08:47.484 DEBUG 31729 --- [main] o.s.w.s.h.BeanNameUrlHandlerMapping      : Rejected bean name 'org.springframework.boot.autoconfigure.aop.AopAutoConfiguration': no URL paths identified
2019-07-29 18:08:47.484 DEBUG 31729 --- [main] o.s.w.s.h.BeanNameUrlHandlerMapping      : Rejected bean name 'org.springframework.boot.autoconfigure.context.ConfigurationPropertiesAutoConfiguration': no URL paths identified
2019-07-29 18:08:47.484 DEBUG 31729 --- [main] o.s.w.s.h.BeanNameUrlHandlerMapping      : Rejected bean name 'org.springframework.boot.autoconfigure.dao.PersistenceExceptionTranslationAutoConfiguration': no URL paths identified
2019-07-29 18:08:47.484 DEBUG 31729 --- [main] o.s.w.s.h.BeanNameUrlHandlerMapping      : Rejected bean name 'persistenceExceptionTranslationPostProcessor': no URL paths identified
2019-07-29 18:08:47.484 DEBUG 31729 --- [main] o.s.w.s.h.BeanNameUrlHandlerMapping      : Rejected bean name 'org.springframework.data.web.config.ProjectingArgumentResolverRegistrar': no URL paths identified
2019-07-29 18:08:47.484 DEBUG 31729 --- [main] o.s.w.s.h.BeanNameUrlHandlerMapping      : Rejected bean name 'projectingArgumentResolverBeanPostProcessor': no URL paths identified
2019-07-29 18:08:47.484 DEBUG 31729 --- [main] o.s.w.s.h.BeanNameUrlHandlerMapping      : Rejected bean name 'org.springframework.data.web.config.SpringDataWebConfiguration': no URL paths identified
2019-07-29 18:08:47.484 DEBUG 31729 --- [main] o.s.w.s.h.BeanNameUrlHandlerMapping      : Rejected bean name 'pageableResolver': no URL paths identified
2019-07-29 18:08:47.484 DEBUG 31729 --- [main] o.s.w.s.h.BeanNameUrlHandlerMapping      : Rejected bean name 'sortResolver': no URL paths identified
2019-07-29 18:08:47.484 DEBUG 31729 --- [main] o.s.w.s.h.BeanNameUrlHandlerMapping      : Rejected bean name 'org.springframework.data.web.config.SpringDataJacksonConfiguration': no URL paths identified
2019-07-29 18:08:47.485 DEBUG 31729 --- [main] o.s.w.s.h.BeanNameUrlHandlerMapping      : Rejected bean name 'jacksonGeoModule': no URL paths identified
2019-07-29 18:08:47.485 DEBUG 31729 --- [main] o.s.w.s.h.BeanNameUrlHandlerMapping      : Rejected bean name 'org.springframework.data.web.config.QuerydslWebConfiguration': no URL paths identified
2019-07-29 18:08:47.485 DEBUG 31729 --- [main] o.s.w.s.h.BeanNameUrlHandlerMapping      : Rejected bean name 'querydslPredicateArgumentResolver': no URL paths identified
2019-07-29 18:08:47.485 DEBUG 31729 --- [main] o.s.w.s.h.BeanNameUrlHandlerMapping      : Rejected bean name 'querydslBindingsFactory': no URL paths identified
2019-07-29 18:08:47.485 DEBUG 31729 --- [main] o.s.w.s.h.BeanNameUrlHandlerMapping      : Rejected bean name 'org.springframework.boot.autoconfigure.data.web.SpringDataWebAutoConfiguration': no URL paths identified
2019-07-29 18:08:47.485 DEBUG 31729 --- [main] o.s.w.s.h.BeanNameUrlHandlerMapping      : Rejected bean name 'pageableCustomizer': no URL paths identified
2019-07-29 18:08:47.485 DEBUG 31729 --- [main] o.s.w.s.h.BeanNameUrlHandlerMapping      : Rejected bean name 'sortCustomizer': no URL paths identified
2019-07-29 18:08:47.485 DEBUG 31729 --- [main] o.s.w.s.h.BeanNameUrlHandlerMapping      : Rejected bean name 'spring.data.web-org.springframework.boot.autoconfigure.data.web.SpringDataWebProperties': no URL paths identified
2019-07-29 18:08:47.485 DEBUG 31729 --- [main] o.s.w.s.h.BeanNameUrlHandlerMapping      : Rejected bean name 'org.springframework.boot.autoconfigure.http.codec.CodecsAutoConfiguration$JacksonCodecConfiguration': no URL paths identified
2019-07-29 18:08:47.485 DEBUG 31729 --- [main] o.s.w.s.h.BeanNameUrlHandlerMapping      : Rejected bean name 'jacksonCodecCustomizer': no URL paths identified
2019-07-29 18:08:47.485 DEBUG 31729 --- [main] o.s.w.s.h.BeanNameUrlHandlerMapping      : Rejected bean name 'org.springframework.boot.autoconfigure.http.codec.CodecsAutoConfiguration': no URL paths identified
2019-07-29 18:08:47.485 DEBUG 31729 --- [main] o.s.w.s.h.BeanNameUrlHandlerMapping      : Rejected bean name 'org.springframework.boot.autoconfigure.jdbc.JdbcTemplateAutoConfiguration$JdbcTemplateConfiguration': no URL paths identified
2019-07-29 18:08:47.485 DEBUG 31729 --- [main] o.s.w.s.h.BeanNameUrlHandlerMapping      : Rejected bean name 'jdbcTemplate': no URL paths identified
2019-07-29 18:08:47.485 DEBUG 31729 --- [main] o.s.w.s.h.BeanNameUrlHandlerMapping      : Rejected bean name 'org.springframework.boot.autoconfigure.jdbc.JdbcTemplateAutoConfiguration$NamedParameterJdbcTemplateConfiguration': no URL paths identified
2019-07-29 18:08:47.486 DEBUG 31729 --- [main] o.s.w.s.h.BeanNameUrlHandlerMapping      : Rejected bean name 'namedParameterJdbcTemplate': no URL paths identified
2019-07-29 18:08:47.486 DEBUG 31729 --- [main] o.s.w.s.h.BeanNameUrlHandlerMapping      : Rejected bean name 'org.springframework.boot.autoconfigure.jdbc.JdbcTemplateAutoConfiguration': no URL paths identified
2019-07-29 18:08:47.486 DEBUG 31729 --- [main] o.s.w.s.h.BeanNameUrlHandlerMapping      : Rejected bean name 'spring.jdbc-org.springframework.boot.autoconfigure.jdbc.JdbcProperties': no URL paths identified
2019-07-29 18:08:47.486 DEBUG 31729 --- [main] o.s.w.s.h.BeanNameUrlHandlerMapping      : Rejected bean name 'org.springframework.boot.autoconfigure.security.servlet.SecurityAutoConfiguration': no URL paths identified
2019-07-29 18:08:47.486 DEBUG 31729 --- [main] o.s.w.s.h.BeanNameUrlHandlerMapping      : Rejected bean name 'authenticationEventPublisher': no URL paths identified
2019-07-29 18:08:47.486 DEBUG 31729 --- [main] o.s.w.s.h.BeanNameUrlHandlerMapping      : Rejected bean name 'spring.security-org.springframework.boot.autoconfigure.security.SecurityProperties': no URL paths identified
2019-07-29 18:08:47.486 DEBUG 31729 --- [main] o.s.w.s.h.BeanNameUrlHandlerMapping      : Rejected bean name 'org.springframework.boot.autoconfigure.security.servlet.SecurityFilterAutoConfiguration': no URL paths identified
2019-07-29 18:08:47.486 DEBUG 31729 --- [main] o.s.w.s.h.BeanNameUrlHandlerMapping      : Rejected bean name 'securityFilterChainRegistration': no URL paths identified
2019-07-29 18:08:47.486 DEBUG 31729 --- [main] o.s.w.s.h.BeanNameUrlHandlerMapping      : Rejected bean name 'org.springframework.boot.autoconfigure.security.servlet.SecurityRequestMatcherProviderAutoConfiguration$MvcRequestMatcherConfiguration': no URL paths identified
2019-07-29 18:08:47.486 DEBUG 31729 --- [main] o.s.w.s.h.BeanNameUrlHandlerMapping      : Rejected bean name 'requestMatcherProvider': no URL paths identified
2019-07-29 18:08:47.486 DEBUG 31729 --- [main] o.s.w.s.h.BeanNameUrlHandlerMapping      : Rejected bean name 'org.springframework.boot.autoconfigure.security.servlet.SecurityRequestMatcherProviderAutoConfiguration': no URL paths identified
2019-07-29 18:08:47.486 DEBUG 31729 --- [main] o.s.w.s.h.BeanNameUrlHandlerMapping      : Rejected bean name 'org.springframework.boot.autoconfigure.jdbc.DataSourceTransactionManagerAutoConfiguration$DataSourceTransactionManagerConfiguration': no URL paths identified
2019-07-29 18:08:47.486 DEBUG 31729 --- [main] o.s.w.s.h.BeanNameUrlHandlerMapping      : Rejected bean name 'org.springframework.boot.autoconfigure.jdbc.DataSourceTransactionManagerAutoConfiguration': no URL paths identified
2019-07-29 18:08:47.486 DEBUG 31729 --- [main] o.s.w.s.h.BeanNameUrlHandlerMapping      : Rejected bean name 'org.springframework.transaction.annotation.ProxyTransactionManagementConfiguration': no URL paths identified
2019-07-29 18:08:47.486 DEBUG 31729 --- [main] o.s.w.s.h.BeanNameUrlHandlerMapping      : Rejected bean name 'org.springframework.transaction.config.internalTransactionAdvisor': no URL paths identified
2019-07-29 18:08:47.486 DEBUG 31729 --- [main] o.s.w.s.h.BeanNameUrlHandlerMapping      : Rejected bean name 'transactionAttributeSource': no URL paths identified
2019-07-29 18:08:47.487 DEBUG 31729 --- [main] o.s.w.s.h.BeanNameUrlHandlerMapping      : Rejected bean name 'transactionInterceptor': no URL paths identified
2019-07-29 18:08:47.487 DEBUG 31729 --- [main] o.s.w.s.h.BeanNameUrlHandlerMapping      : Rejected bean name 'org.springframework.transaction.config.internalTransactionalEventListenerFactory': no URL paths identified
2019-07-29 18:08:47.487 DEBUG 31729 --- [main] o.s.w.s.h.BeanNameUrlHandlerMapping      : Rejected bean name 'org.springframework.boot.autoconfigure.transaction.TransactionAutoConfiguration$EnableTransactionManagementConfiguration$CglibAutoProxyConfiguration': no URL paths identified
2019-07-29 18:08:47.487 DEBUG 31729 --- [main] o.s.w.s.h.BeanNameUrlHandlerMapping      : Rejected bean name 'org.springframework.boot.autoconfigure.transaction.TransactionAutoConfiguration$EnableTransactionManagementConfiguration': no URL paths identified
2019-07-29 18:08:47.487 DEBUG 31729 --- [main] o.s.w.s.h.BeanNameUrlHandlerMapping      : Rejected bean name 'org.springframework.boot.autoconfigure.transaction.TransactionAutoConfiguration$TransactionTemplateConfiguration': no URL paths identified
2019-07-29 18:08:47.487 DEBUG 31729 --- [main] o.s.w.s.h.BeanNameUrlHandlerMapping      : Rejected bean name 'transactionTemplate': no URL paths identified
2019-07-29 18:08:47.487 DEBUG 31729 --- [main] o.s.w.s.h.BeanNameUrlHandlerMapping      : Rejected bean name 'org.springframework.boot.autoconfigure.transaction.TransactionAutoConfiguration': no URL paths identified
2019-07-29 18:08:47.487 DEBUG 31729 --- [main] o.s.w.s.h.BeanNameUrlHandlerMapping      : Rejected bean name 'platformTransactionManagerCustomizers': no URL paths identified
2019-07-29 18:08:47.487 DEBUG 31729 --- [main] o.s.w.s.h.BeanNameUrlHandlerMapping      : Rejected bean name 'spring.transaction-org.springframework.boot.autoconfigure.transaction.TransactionProperties': no URL paths identified
2019-07-29 18:08:47.487 DEBUG 31729 --- [main] o.s.w.s.h.BeanNameUrlHandlerMapping      : Rejected bean name 'org.springframework.boot.autoconfigure.web.embedded.EmbeddedWebServerFactoryCustomizerAutoConfiguration$TomcatWebServerFactoryCustomizerConfiguration': no URL paths identified
2019-07-29 18:08:47.487 DEBUG 31729 --- [main] o.s.w.s.h.BeanNameUrlHandlerMapping      : Rejected bean name 'tomcatWebServerFactoryCustomizer': no URL paths identified
2019-07-29 18:08:47.487 DEBUG 31729 --- [main] o.s.w.s.h.BeanNameUrlHandlerMapping      : Rejected bean name 'org.springframework.boot.autoconfigure.web.embedded.EmbeddedWebServerFactoryCustomizerAutoConfiguration': no URL paths identified
2019-07-29 18:08:47.487 DEBUG 31729 --- [main] o.s.w.s.h.BeanNameUrlHandlerMapping      : Rejected bean name 'org.springframework.boot.autoconfigure.web.servlet.HttpEncodingAutoConfiguration': no URL paths identified
2019-07-29 18:08:47.487 DEBUG 31729 --- [main] o.s.w.s.h.BeanNameUrlHandlerMapping      : Rejected bean name 'characterEncodingFilter': no URL paths identified
2019-07-29 18:08:47.487 DEBUG 31729 --- [main] o.s.w.s.h.BeanNameUrlHandlerMapping      : Rejected bean name 'localeCharsetMappingsCustomizer': no URL paths identified
2019-07-29 18:08:47.488 DEBUG 31729 --- [main] o.s.w.s.h.BeanNameUrlHandlerMapping      : Rejected bean name 'org.springframework.boot.autoconfigure.web.servlet.MultipartAutoConfiguration': no URL paths identified
2019-07-29 18:08:47.488 DEBUG 31729 --- [main] o.s.w.s.h.BeanNameUrlHandlerMapping      : Rejected bean name 'multipartConfigElement': no URL paths identified
2019-07-29 18:08:47.488 DEBUG 31729 --- [main] o.s.w.s.h.BeanNameUrlHandlerMapping      : Rejected bean name 'multipartResolver': no URL paths identified
2019-07-29 18:08:47.488 DEBUG 31729 --- [main] o.s.w.s.h.BeanNameUrlHandlerMapping      : Rejected bean name 'spring.servlet.multipart-org.springframework.boot.autoconfigure.web.servlet.MultipartProperties': no URL paths identified
2019-07-29 18:08:47.488 DEBUG 31729 --- [main] o.s.w.s.h.BeanNameUrlHandlerMapping      : Rejected bean name 'org.springframework.boot.actuate.autoconfigure.endpoint.web.ServletEndpointManagementContextConfiguration$WebMvcServletEndpointManagementContextConfiguration': no URL paths identified
2019-07-29 18:08:47.488 DEBUG 31729 --- [main] o.s.w.s.h.BeanNameUrlHandlerMapping      : Rejected bean name 'servletEndpointRegistrar': no URL paths identified
2019-07-29 18:08:47.488 DEBUG 31729 --- [main] o.s.w.s.h.BeanNameUrlHandlerMapping      : Rejected bean name 'org.springframework.boot.actuate.autoconfigure.endpoint.web.ServletEndpointManagementContextConfiguration': no URL paths identified
2019-07-29 18:08:47.488 DEBUG 31729 --- [main] o.s.w.s.h.BeanNameUrlHandlerMapping      : Rejected bean name 'servletExposeExcludePropertyEndpointFilter': no URL paths identified
2019-07-29 18:08:47.488 DEBUG 31729 --- [main] o.s.w.s.h.BeanNameUrlHandlerMapping      : Rejected bean name 'org.springframework.boot.actuate.autoconfigure.endpoint.web.servlet.WebMvcEndpointManagementContextConfiguration': no URL paths identified
2019-07-29 18:08:47.488 DEBUG 31729 --- [main] o.s.w.s.h.BeanNameUrlHandlerMapping      : Rejected bean name 'webEndpointServletHandlerMapping': no URL paths identified
2019-07-29 18:08:47.488 DEBUG 31729 --- [main] o.s.w.s.h.BeanNameUrlHandlerMapping      : Rejected bean name 'controllerEndpointHandlerMapping': no URL paths identified
2019-07-29 18:08:47.488 DEBUG 31729 --- [main] o.s.w.s.h.BeanNameUrlHandlerMapping      : Rejected bean name 'management.endpoints.web.cors-org.springframework.boot.actuate.autoconfigure.endpoint.web.CorsEndpointProperties': no URL paths identified
2019-07-29 18:08:47.488 DEBUG 31729 --- [main] o.s.w.s.h.BeanNameUrlHandlerMapping      : Rejected bean name 'org.springframework.boot.actuate.autoconfigure.web.server.ManagementContextAutoConfiguration$SameManagementContextConfiguration$EnableSameManagementContextConfiguration': no URL paths identified
2019-07-29 18:08:47.488 DEBUG 31729 --- [main] o.s.w.s.h.BeanNameUrlHandlerMapping      : Rejected bean name 'org.springframework.boot.actuate.autoconfigure.web.server.ManagementContextAutoConfiguration$SameManagementContextConfiguration': no URL paths identified
2019-07-29 18:08:47.488 DEBUG 31729 --- [main] o.s.w.s.h.BeanNameUrlHandlerMapping      : Rejected bean name 'org.springframework.boot.actuate.autoconfigure.web.server.ManagementContextAutoConfiguration': no URL paths identified
2019-07-29 18:08:47.488 DEBUG 31729 --- [main] o.s.w.s.h.BeanNameUrlHandlerMapping      : Rejected bean name 'management.server-org.springframework.boot.actuate.autoconfigure.web.server.ManagementServerProperties': no URL paths identified
2019-07-29 18:08:47.488 DEBUG 31729 --- [main] o.s.w.s.h.BeanNameUrlHandlerMapping      : Rejected bean name 'org.springframework.orm.jpa.SharedEntityManagerCreator#0': no URL paths identified
2019-07-29 18:08:47.489 DEBUG 31729 --- [main] o.s.w.s.h.BeanNameUrlHandlerMapping      : Rejected bean name 'autoConfigurationReport': no URL paths identified
2019-07-29 18:08:47.489 DEBUG 31729 --- [main] o.s.w.s.h.BeanNameUrlHandlerMapping      : Rejected bean name 'org.springframework.boot.context.ContextIdApplicationContextInitializer$ContextId': no URL paths identified
2019-07-29 18:08:47.489 DEBUG 31729 --- [main] o.s.w.s.h.BeanNameUrlHandlerMapping      : Rejected bean name 'org.springframework.boot.test.context.filter.TestTypeExcludeFilter': no URL paths identified
2019-07-29 18:08:47.489 DEBUG 31729 --- [main] o.s.w.s.h.BeanNameUrlHandlerMapping      : Rejected bean name 'org.springframework.boot.test.autoconfigure.properties.PropertyMappingContextCustomizer$PropertyMappingCheckBeanPostProcessor': no URL paths identified
2019-07-29 18:08:47.489 DEBUG 31729 --- [main] o.s.w.s.h.BeanNameUrlHandlerMapping      : Rejected bean name 'springApplicationArguments': no URL paths identified
2019-07-29 18:08:47.489 DEBUG 31729 --- [main] o.s.w.s.h.BeanNameUrlHandlerMapping      : Rejected bean name 'springBootBanner': no URL paths identified
2019-07-29 18:08:47.489 DEBUG 31729 --- [main] o.s.w.s.h.BeanNameUrlHandlerMapping      : Rejected bean name 'springBootLoggingSystem': no URL paths identified
2019-07-29 18:08:47.489 DEBUG 31729 --- [main] o.s.w.s.h.BeanNameUrlHandlerMapping      : Rejected bean name 'environment': no URL paths identified
2019-07-29 18:08:47.489 DEBUG 31729 --- [main] o.s.w.s.h.BeanNameUrlHandlerMapping      : Rejected bean name 'systemProperties': no URL paths identified
2019-07-29 18:08:47.489 DEBUG 31729 --- [main] o.s.w.s.h.BeanNameUrlHandlerMapping      : Rejected bean name 'systemEnvironment': no URL paths identified
2019-07-29 18:08:47.489 DEBUG 31729 --- [main] o.s.w.s.h.BeanNameUrlHandlerMapping      : Rejected bean name 'servletContext': no URL paths identified
2019-07-29 18:08:47.489 DEBUG 31729 --- [main] o.s.w.s.h.BeanNameUrlHandlerMapping      : Rejected bean name 'contextParameters': no URL paths identified
2019-07-29 18:08:47.489 DEBUG 31729 --- [main] o.s.w.s.h.BeanNameUrlHandlerMapping      : Rejected bean name 'contextAttributes': no URL paths identified
2019-07-29 18:08:47.489 DEBUG 31729 --- [main] o.s.w.s.h.BeanNameUrlHandlerMapping      : Rejected bean name 'org.springframework.context.annotation.ConfigurationClassPostProcessor.importRegistry': no URL paths identified
2019-07-29 18:08:47.489 DEBUG 31729 --- [main] o.s.w.s.h.BeanNameUrlHandlerMapping      : Rejected bean name 'org.springframework.boot.test.mock.mockito.MockitoBeans': no URL paths identified
2019-07-29 18:08:47.489 DEBUG 31729 --- [main] o.s.w.s.h.BeanNameUrlHandlerMapping      : Rejected bean name 'messageSource': no URL paths identified
2019-07-29 18:08:47.489 DEBUG 31729 --- [main] o.s.w.s.h.BeanNameUrlHandlerMapping      : Rejected bean name 'applicationEventMulticaster': no URL paths identified
2019-07-29 18:08:47.586  INFO 31729 --- [main] s.w.s.m.m.a.RequestMappingHandlerAdapter : Looking for @ControllerAdvice: org.springframework.web.context.support.GenericWebApplicationContext@3b8f0a79: startup date [Mon Jul 29 18:08:43 CST 2019]; root of context hierarchy
2019-07-29 18:08:47.681 DEBUG 31729 --- [main] .m.m.a.ExceptionHandlerExceptionResolver : Looking for exception mappings: org.springframework.web.context.support.GenericWebApplicationContext@3b8f0a79: startup date [Mon Jul 29 18:08:43 CST 2019]; root of context hierarchy
2019-07-29 18:08:47.933  INFO 31729 --- [main] o.s.s.web.DefaultSecurityFilterChain     : Creating filter chain: org.springframework.security.web.util.matcher.AnyRequestMatcher@1, [org.springframework.security.web.context.request.async.WebAsyncManagerIntegrationFilter@455cbf18, org.springframework.security.web.context.SecurityContextPersistenceFilter@141bb6b8, org.springframework.security.web.header.HeaderWriterFilter@40fe8fd5, org.springframework.web.filter.CorsFilter@781c2497, org.springframework.security.web.authentication.logout.LogoutFilter@4e6cbdf1, org.springframework.security.web.authentication.UsernamePasswordAuthenticationFilter@5dae5a70, org.springframework.security.web.authentication.ui.DefaultLoginPageGeneratingFilter@2f60cbf2, org.springframework.security.web.savedrequest.RequestCacheAwareFilter@1410d645, org.springframework.security.web.servletapi.SecurityContextHolderAwareRequestFilter@6335f04a, org.springframework.security.web.authentication.AnonymousAuthenticationFilter@24aedcc5, org.springframework.security.web.session.SessionManagementFilter@4fa0ee7e, org.springframework.security.web.access.ExceptionTranslationFilter@2a120c88, org.springframework.security.web.access.intercept.FilterSecurityInterceptor@7198ab9a]
2019-07-29 18:08:48.619  WARN 31729 --- [main] aWebConfiguration$JpaWebMvcConfiguration : spring.jpa.open-in-view is enabled by default. Therefore, database queries may be performed during view rendering. Explicitly configure spring.jpa.open-in-view to disable this warning
2019-07-29 18:08:49.100  INFO 31729 --- [main] o.s.b.a.e.web.EndpointLinksResolver      : Exposing 2 endpoint(s) beneath base path '/actuator'
2019-07-29 18:08:49.116  INFO 31729 --- [main] s.b.a.e.w.s.WebMvcEndpointHandlerMapping : Mapped "{[/actuator/health],methods=[GET],produces=[application/vnd.spring-boot.actuator.v2+json || application/json]}" onto public java.lang.Object org.springframework.boot.actuate.endpoint.web.servlet.AbstractWebMvcEndpointHandlerMapping$OperationHandler.handle(javax.servlet.http.HttpServletRequest,java.util.Map<java.lang.String, java.lang.String>)
2019-07-29 18:08:49.117  INFO 31729 --- [main] s.b.a.e.w.s.WebMvcEndpointHandlerMapping : Mapped "{[/actuator/info],methods=[GET],produces=[application/vnd.spring-boot.actuator.v2+json || application/json]}" onto public java.lang.Object org.springframework.boot.actuate.endpoint.web.servlet.AbstractWebMvcEndpointHandlerMapping$OperationHandler.handle(javax.servlet.http.HttpServletRequest,java.util.Map<java.lang.String, java.lang.String>)
2019-07-29 18:08:49.118  INFO 31729 --- [main] s.b.a.e.w.s.WebMvcEndpointHandlerMapping : Mapped "{[/actuator],methods=[GET],produces=[application/vnd.spring-boot.actuator.v2+json || application/json]}" onto protected java.util.Map<java.lang.String, java.util.Map<java.lang.String, org.springframework.boot.actuate.endpoint.web.Link>> org.springframework.boot.actuate.endpoint.web.servlet.WebMvcEndpointHandlerMapping.links(javax.servlet.http.HttpServletRequest,javax.servlet.http.HttpServletResponse)
2019-07-29 18:08:49.220 DEBUG 31729 --- [main] o.s.w.c.s.GenericWebApplicationContext   : Unable to locate LifecycleProcessor with name 'lifecycleProcessor': using default [org.springframework.context.support.DefaultLifecycleProcessor@428eb3d5]
2019-07-29 18:08:49.236 DEBUG 31729 --- [main] o.s.w.s.resource.ResourceUrlProvider     : Looking for resource handler mappings
2019-07-29 18:08:49.237 DEBUG 31729 --- [main] o.s.w.s.resource.ResourceUrlProvider     : No resource handling mappings found
2019-07-29 18:08:49.241  INFO 31729 --- [main] c.s.SpringSecurityClientApplicationTests : Started SpringSecurityClientApplicationTests in 6.477 seconds (JVM running for 7.264)
2019-07-29 18:08:49.423  INFO 31729 --- [Thread-4] o.s.w.c.s.GenericWebApplicationContext   : Closing org.springframework.web.context.support.GenericWebApplicationContext@3b8f0a79: startup date [Mon Jul 29 18:08:43 CST 2019]; root of context hierarchy
2019-07-29 18:08:49.436  INFO 31729 --- [Thread-4] j.LocalContainerEntityManagerFactoryBean : Closing JPA EntityManagerFactory for persistence unit 'default'
2019-07-29 18:08:49.438  INFO 31729 --- [Thread-4] com.zaxxer.hikari.HikariDataSource       : HikariPool-1 - Shutdown initiated...
2019-07-29 18:08:49.449  INFO 31729 --- [Thread-4] com.zaxxer.hikari.HikariDataSource       : HikariPool-1 - Shutdown completed.
